Command line invocation:
    /Applications/Xcode.app/Contents/Developer/usr/bin/xcodebuild -scheme Grocery-budget-optimizer -destination "platform=iOS Simulator,name=iPhone 17" build

2025-10-03 21:15:51.782 xcodebuild[91058:2246106] [MT] IDERunDestination: Supported platforms for the buildables in the current scheme is empty.
ComputePackagePrebuildTargetDependencyGraph

Prepare packages

CreateBuildRequest

SendProjectDescription

CreateBuildOperation

ComputeTargetDependencyGraph
note: Building targets in dependency order
note: Target dependency graph (1 target)
    Target 'Grocery-budget-optimizer' in project 'Grocery-budget-optimizer' (no dependencies)

GatherProvisioningInputs

CreateBuildDescription

ExecuteExternalTool /Applications/Xcode.app/Contents/Developer/Toolchains/XcodeDefault.xctoolchain/usr/bin/clang -v -E -dM -isysroot /Applications/Xcode.app/Contents/Developer/Platforms/iPhoneSimulator.platform/Developer/SDKs/iPhoneSimulator26.0.sdk -x c -c /dev/null

ExecuteExternalTool /Applications/Xcode.app/Contents/Developer/usr/bin/momc --dry-run --action generate --swift-version 5.0 --sdkroot /Applications/Xcode.app/Contents/Developer/Platforms/iPhoneSimulator.platform/Developer/SDKs/iPhoneSimulator26.0.sdk --iphonesimulator-deployment-target 26.0 --module Grocery_budget_optimizer /Users/yevgenylevin/Documents/Develop/iOS/Grocery-budget-optimizer/Grocery-budget-optimizer/Data/CoreData/GroceryBudgetOptimizer.xcdatamodeld /Users/yevgenylevin/Library/Developer/Xcode/DerivedData/Grocery-budget-optimizer-ahhxmmlzdnqkqsabbhmxfpulbwgx/Build/Intermediates.noindex/Grocery-budget-optimizer.build/Debug-iphonesimulator/Grocery-budget-optimizer.build/DerivedSources/CoreDataGenerated/GroceryBudgetOptimizer

ExecuteExternalTool /Applications/Xcode.app/Contents/Developer/usr/bin/actool --print-asset-tag-combinations --output-format xml1 /Users/yevgenylevin/Documents/Develop/iOS/Grocery-budget-optimizer/Grocery-budget-optimizer/Resources/Assets.xcassets

ExecuteExternalTool /Applications/Xcode.app/Contents/Developer/usr/bin/actool --version --output-format xml1

ExecuteExternalTool /Applications/Xcode.app/Contents/Developer/Toolchains/XcodeDefault.xctoolchain/usr/bin/swiftc --version

ExecuteExternalTool /Applications/Xcode.app/Contents/Developer/Toolchains/XcodeDefault.xctoolchain/usr/bin/ld -version_details

Build description signature: 5966f52dd828789bcfc2db3eaddd0fd8
Build description path: /Users/yevgenylevin/Library/Developer/Xcode/DerivedData/Grocery-budget-optimizer-ahhxmmlzdnqkqsabbhmxfpulbwgx/Build/Intermediates.noindex/XCBuildData/5966f52dd828789bcfc2db3eaddd0fd8.xcbuilddata
ClangStatCache /Applications/Xcode.app/Contents/Developer/Toolchains/XcodeDefault.xctoolchain/usr/bin/clang-stat-cache /Applications/Xcode.app/Contents/Developer/Platforms/iPhoneSimulator.platform/Developer/SDKs/iPhoneSimulator26.0.sdk /Users/yevgenylevin/Library/Developer/Xcode/DerivedData/SDKStatCaches.noindex/iphonesimulator26.0-23A339-26257891a6c027eb51374368541b8346.sdkstatcache
    cd /Users/yevgenylevin/Documents/Develop/iOS/Grocery-budget-optimizer/Grocery-budget-optimizer.xcodeproj
    /Applications/Xcode.app/Contents/Developer/Toolchains/XcodeDefault.xctoolchain/usr/bin/clang-stat-cache /Applications/Xcode.app/Contents/Developer/Platforms/iPhoneSimulator.platform/Developer/SDKs/iPhoneSimulator26.0.sdk -o /Users/yevgenylevin/Library/Developer/Xcode/DerivedData/SDKStatCaches.noindex/iphonesimulator26.0-23A339-26257891a6c027eb51374368541b8346.sdkstatcache

WriteAuxiliaryFile /Users/yevgenylevin/Library/Developer/Xcode/DerivedData/Grocery-budget-optimizer-ahhxmmlzdnqkqsabbhmxfpulbwgx/Build/Intermediates.noindex/Grocery-budget-optimizer.build/Debug-iphonesimulator/Grocery-budget-optimizer.build/Objects-normal/arm64/Grocery-budget-optimizer.SwiftFileList (in target 'Grocery-budget-optimizer' from project 'Grocery-budget-optimizer')
    cd /Users/yevgenylevin/Documents/Develop/iOS/Grocery-budget-optimizer
    write-file /Users/yevgenylevin/Library/Developer/Xcode/DerivedData/Grocery-budget-optimizer-ahhxmmlzdnqkqsabbhmxfpulbwgx/Build/Intermediates.noindex/Grocery-budget-optimizer.build/Debug-iphonesimulator/Grocery-budget-optimizer.build/Objects-normal/arm64/Grocery-budget-optimizer.SwiftFileList

WriteAuxiliaryFile /Users/yevgenylevin/Library/Developer/Xcode/DerivedData/Grocery-budget-optimizer-ahhxmmlzdnqkqsabbhmxfpulbwgx/Build/Intermediates.noindex/Grocery-budget-optimizer.build/Debug-iphonesimulator/Grocery-budget-optimizer.build/Objects-normal/arm64/Grocery-budget-optimizer.LinkFileList (in target 'Grocery-budget-optimizer' from project 'Grocery-budget-optimizer')
    cd /Users/yevgenylevin/Documents/Develop/iOS/Grocery-budget-optimizer
    write-file /Users/yevgenylevin/Library/Developer/Xcode/DerivedData/Grocery-budget-optimizer-ahhxmmlzdnqkqsabbhmxfpulbwgx/Build/Intermediates.noindex/Grocery-budget-optimizer.build/Debug-iphonesimulator/Grocery-budget-optimizer.build/Objects-normal/arm64/Grocery-budget-optimizer.LinkFileList

WriteAuxiliaryFile /Users/yevgenylevin/Library/Developer/Xcode/DerivedData/Grocery-budget-optimizer-ahhxmmlzdnqkqsabbhmxfpulbwgx/Build/Intermediates.noindex/Grocery-budget-optimizer.build/Debug-iphonesimulator/Grocery-budget-optimizer.build/Objects-normal/arm64/Grocery-budget-optimizer.SwiftConstValuesFileList (in target 'Grocery-budget-optimizer' from project 'Grocery-budget-optimizer')
    cd /Users/yevgenylevin/Documents/Develop/iOS/Grocery-budget-optimizer
    write-file /Users/yevgenylevin/Library/Developer/Xcode/DerivedData/Grocery-budget-optimizer-ahhxmmlzdnqkqsabbhmxfpulbwgx/Build/Intermediates.noindex/Grocery-budget-optimizer.build/Debug-iphonesimulator/Grocery-budget-optimizer.build/Objects-normal/arm64/Grocery-budget-optimizer.SwiftConstValuesFileList

ProcessProductPackaging "" /Users/yevgenylevin/Library/Developer/Xcode/DerivedData/Grocery-budget-optimizer-ahhxmmlzdnqkqsabbhmxfpulbwgx/Build/Intermediates.noindex/Grocery-budget-optimizer.build/Debug-iphonesimulator/Grocery-budget-optimizer.build/Grocery-budget-optimizer.app-Simulated.xcent (in target 'Grocery-budget-optimizer' from project 'Grocery-budget-optimizer')
    cd /Users/yevgenylevin/Documents/Develop/iOS/Grocery-budget-optimizer
    
    Entitlements:
    
    {
    "application-identifier" = "392G674982.com.yevgenylevin.animated.Grocery-budget-optimizer";
}
    
    builtin-productPackagingUtility -entitlements -format xml -o /Users/yevgenylevin/Library/Developer/Xcode/DerivedData/Grocery-budget-optimizer-ahhxmmlzdnqkqsabbhmxfpulbwgx/Build/Intermediates.noindex/Grocery-budget-optimizer.build/Debug-iphonesimulator/Grocery-budget-optimizer.build/Grocery-budget-optimizer.app-Simulated.xcent

ProcessProductPackagingDER /Users/yevgenylevin/Library/Developer/Xcode/DerivedData/Grocery-budget-optimizer-ahhxmmlzdnqkqsabbhmxfpulbwgx/Build/Intermediates.noindex/Grocery-budget-optimizer.build/Debug-iphonesimulator/Grocery-budget-optimizer.build/Grocery-budget-optimizer.app-Simulated.xcent /Users/yevgenylevin/Library/Developer/Xcode/DerivedData/Grocery-budget-optimizer-ahhxmmlzdnqkqsabbhmxfpulbwgx/Build/Intermediates.noindex/Grocery-budget-optimizer.build/Debug-iphonesimulator/Grocery-budget-optimizer.build/Grocery-budget-optimizer.app-Simulated.xcent.der (in target 'Grocery-budget-optimizer' from project 'Grocery-budget-optimizer')
    cd /Users/yevgenylevin/Documents/Develop/iOS/Grocery-budget-optimizer
    /usr/bin/derq query -f xml -i /Users/yevgenylevin/Library/Developer/Xcode/DerivedData/Grocery-budget-optimizer-ahhxmmlzdnqkqsabbhmxfpulbwgx/Build/Intermediates.noindex/Grocery-budget-optimizer.build/Debug-iphonesimulator/Grocery-budget-optimizer.build/Grocery-budget-optimizer.app-Simulated.xcent -o /Users/yevgenylevin/Library/Developer/Xcode/DerivedData/Grocery-budget-optimizer-ahhxmmlzdnqkqsabbhmxfpulbwgx/Build/Intermediates.noindex/Grocery-budget-optimizer.build/Debug-iphonesimulator/Grocery-budget-optimizer.build/Grocery-budget-optimizer.app-Simulated.xcent.der --raw

Ld /Users/yevgenylevin/Library/Developer/Xcode/DerivedData/Grocery-budget-optimizer-ahhxmmlzdnqkqsabbhmxfpulbwgx/Build/Products/Debug-iphonesimulator/Grocery-budget-optimizer.app/__preview.dylib normal (in target 'Grocery-budget-optimizer' from project 'Grocery-budget-optimizer')
    cd /Users/yevgenylevin/Documents/Develop/iOS/Grocery-budget-optimizer
    /Applications/Xcode.app/Contents/Developer/Toolchains/XcodeDefault.xctoolchain/usr/bin/clang -Xlinker -reproducible -target arm64-apple-ios26.0-simulator -dynamiclib -isysroot /Applications/Xcode.app/Contents/Developer/Platforms/iPhoneSimulator.platform/Developer/SDKs/iPhoneSimulator26.0.sdk -O0 -L/Users/yevgenylevin/Library/Developer/Xcode/DerivedData/Grocery-budget-optimizer-ahhxmmlzdnqkqsabbhmxfpulbwgx/Build/Products/Debug-iphonesimulator -F/Users/yevgenylevin/Library/Developer/Xcode/DerivedData/Grocery-budget-optimizer-ahhxmmlzdnqkqsabbhmxfpulbwgx/Build/Products/Debug-iphonesimulator -install_name @rpath/Grocery-budget-optimizer.debug.dylib -dead_strip -rdynamic -Xlinker -no_deduplicate -Xlinker -objc_abi_version -Xlinker 2 -Xlinker -debug_variant -Xlinker -dependency_info -Xlinker /Users/yevgenylevin/Library/Developer/Xcode/DerivedData/Grocery-budget-optimizer-ahhxmmlzdnqkqsabbhmxfpulbwgx/Build/Intermediates.noindex/Grocery-budget-optimizer.build/Debug-iphonesimulator/Grocery-budget-optimizer.build/Objects-normal/arm64/Grocery-budget-optimizer_dependency_info.dat -Xlinker -sectcreate -Xlinker __TEXT -Xlinker __entitlements -Xlinker /Users/yevgenylevin/Library/Developer/Xcode/DerivedData/Grocery-budget-optimizer-ahhxmmlzdnqkqsabbhmxfpulbwgx/Build/Intermediates.noindex/Grocery-budget-optimizer.build/Debug-iphonesimulator/Grocery-budget-optimizer.build/Grocery-budget-optimizer.app-Simulated.xcent -Xlinker -sectcreate -Xlinker __TEXT -Xlinker __ents_der -Xlinker /Users/yevgenylevin/Library/Developer/Xcode/DerivedData/Grocery-budget-optimizer-ahhxmmlzdnqkqsabbhmxfpulbwgx/Build/Intermediates.noindex/Grocery-budget-optimizer.build/Debug-iphonesimulator/Grocery-budget-optimizer.build/Grocery-budget-optimizer.app-Simulated.xcent.der -Xlinker -no_adhoc_codesign -o /Users/yevgenylevin/Library/Developer/Xcode/DerivedData/Grocery-budget-optimizer-ahhxmmlzdnqkqsabbhmxfpulbwgx/Build/Products/Debug-iphonesimulator/Grocery-budget-optimizer.app/__preview.dylib

CompileAssetCatalogVariant thinned /Users/yevgenylevin/Library/Developer/Xcode/DerivedData/Grocery-budget-optimizer-ahhxmmlzdnqkqsabbhmxfpulbwgx/Build/Products/Debug-iphonesimulator/Grocery-budget-optimizer.app /Users/yevgenylevin/Documents/Develop/iOS/Grocery-budget-optimizer/Grocery-budget-optimizer/Resources/Assets.xcassets (in target 'Grocery-budget-optimizer' from project 'Grocery-budget-optimizer')
    cd /Users/yevgenylevin/Documents/Develop/iOS/Grocery-budget-optimizer
    /Applications/Xcode.app/Contents/Developer/usr/bin/actool /Users/yevgenylevin/Documents/Develop/iOS/Grocery-budget-optimizer/Grocery-budget-optimizer/Resources/Assets.xcassets --compile /Users/yevgenylevin/Library/Developer/Xcode/DerivedData/Grocery-budget-optimizer-ahhxmmlzdnqkqsabbhmxfpulbwgx/Build/Intermediates.noindex/Grocery-budget-optimizer.build/Debug-iphonesimulator/Grocery-budget-optimizer.build/assetcatalog_output/thinned --output-format human-readable-text --notices --warnings --export-dependency-info /Users/yevgenylevin/Library/Developer/Xcode/DerivedData/Grocery-budget-optimizer-ahhxmmlzdnqkqsabbhmxfpulbwgx/Build/Intermediates.noindex/Grocery-budget-optimizer.build/Debug-iphonesimulator/Grocery-budget-optimizer.build/assetcatalog_dependencies_thinned --output-partial-info-plist /Users/yevgenylevin/Library/Developer/Xcode/DerivedData/Grocery-budget-optimizer-ahhxmmlzdnqkqsabbhmxfpulbwgx/Build/Intermediates.noindex/Grocery-budget-optimizer.build/Debug-iphonesimulator/Grocery-budget-optimizer.build/assetcatalog_generated_info.plist_thinned --app-icon AppIcon --accent-color AccentColor --compress-pngs --enable-on-demand-resources YES --filter-for-thinning-device-configuration iPhone18,3 --filter-for-device-os-version 26.0 --development-region en --target-device iphone --target-device ipad --minimum-deployment-target 26.0 --platform iphonesimulator
/* com.apple.actool.compilation-results */
/Users/yevgenylevin/Library/Developer/Xcode/DerivedData/Grocery-budget-optimizer-ahhxmmlzdnqkqsabbhmxfpulbwgx/Build/Intermediates.noindex/Grocery-budget-optimizer.build/Debug-iphonesimulator/Grocery-budget-optimizer.build/assetcatalog_generated_info.plist_thinned


SwiftDriver Grocery-budget-optimizer normal arm64 com.apple.xcode.tools.swift.compiler (in target 'Grocery-budget-optimizer' from project 'Grocery-budget-optimizer')
    cd /Users/yevgenylevin/Documents/Develop/iOS/Grocery-budget-optimizer
    builtin-SwiftDriver -- /Applications/Xcode.app/Contents/Developer/Toolchains/XcodeDefault.xctoolchain/usr/bin/swiftc -module-name Grocery_budget_optimizer -Onone -enforce-exclusivity\=checked @/Users/yevgenylevin/Library/Developer/Xcode/DerivedData/Grocery-budget-optimizer-ahhxmmlzdnqkqsabbhmxfpulbwgx/Build/Intermediates.noindex/Grocery-budget-optimizer.build/Debug-iphonesimulator/Grocery-budget-optimizer.build/Objects-normal/arm64/Grocery-budget-optimizer.SwiftFileList -DDEBUG -default-isolation\=MainActor -enable-bare-slash-regex -enable-upcoming-feature DisableOutwardActorInference -enable-upcoming-feature InferSendableFromCaptures -enable-upcoming-feature GlobalActorIsolatedTypesUsability -enable-upcoming-feature MemberImportVisibility -enable-upcoming-feature InferIsolatedConformances -enable-upcoming-feature NonisolatedNonsendingByDefault -enable-experimental-feature DebugDescriptionMacro -sdk /Applications/Xcode.app/Contents/Developer/Platforms/iPhoneSimulator.platform/Developer/SDKs/iPhoneSimulator26.0.sdk -target arm64-apple-ios26.0-simulator -g -module-cache-path /Users/yevgenylevin/Library/Developer/Xcode/DerivedData/ModuleCache.noindex -Xfrontend -serialize-debugging-options -profile-coverage-mapping -profile-generate -enable-testing -index-store-path /Users/yevgenylevin/Library/Developer/Xcode/DerivedData/Grocery-budget-optimizer-ahhxmmlzdnqkqsabbhmxfpulbwgx/Index.noindex/DataStore -Xcc -D_LIBCPP_HARDENING_MODE\=_LIBCPP_HARDENING_MODE_DEBUG -swift-version 5 -I /Users/yevgenylevin/Library/Developer/Xcode/DerivedData/Grocery-budget-optimizer-ahhxmmlzdnqkqsabbhmxfpulbwgx/Build/Products/Debug-iphonesimulator -F /Users/yevgenylevin/Library/Developer/Xcode/DerivedData/Grocery-budget-optimizer-ahhxmmlzdnqkqsabbhmxfpulbwgx/Build/Products/Debug-iphonesimulator -emit-localized-strings -emit-localized-strings-path /Users/yevgenylevin/Library/Developer/Xcode/DerivedData/Grocery-budget-optimizer-ahhxmmlzdnqkqsabbhmxfpulbwgx/Build/Intermediates.noindex/Grocery-budget-optimizer.build/Debug-iphonesimulator/Grocery-budget-optimizer.build/Objects-normal/arm64 -c -j10 -enable-batch-mode -incremental -Xcc -ivfsstatcache -Xcc /Users/yevgenylevin/Library/Developer/Xcode/DerivedData/SDKStatCaches.noindex/iphonesimulator26.0-23A339-26257891a6c027eb51374368541b8346.sdkstatcache -output-file-map /Users/yevgenylevin/Library/Developer/Xcode/DerivedData/Grocery-budget-optimizer-ahhxmmlzdnqkqsabbhmxfpulbwgx/Build/Intermediates.noindex/Grocery-budget-optimizer.build/Debug-iphonesimulator/Grocery-budget-optimizer.build/Objects-normal/arm64/Grocery-budget-optimizer-OutputFileMap.json -use-frontend-parseable-output -save-temps -no-color-diagnostics -explicit-module-build -module-cache-path /Users/yevgenylevin/Library/Developer/Xcode/DerivedData/Grocery-budget-optimizer-ahhxmmlzdnqkqsabbhmxfpulbwgx/Build/Intermediates.noindex/SwiftExplicitPrecompiledModules -clang-scanner-module-cache-path /Users/yevgenylevin/Library/Developer/Xcode/DerivedData/ModuleCache.noindex -sdk-module-cache-path /Users/yevgenylevin/Library/Developer/Xcode/DerivedData/ModuleCache.noindex -serialize-diagnostics -emit-dependencies -emit-module -emit-module-path /Users/yevgenylevin/Library/Developer/Xcode/DerivedData/Grocery-budget-optimizer-ahhxmmlzdnqkqsabbhmxfpulbwgx/Build/Intermediates.noindex/Grocery-budget-optimizer.build/Debug-iphonesimulator/Grocery-budget-optimizer.build/Objects-normal/arm64/Grocery_budget_optimizer.swiftmodule -validate-clang-modules-once -clang-build-session-file /Users/yevgenylevin/Library/Developer/Xcode/DerivedData/ModuleCache.noindex/Session.modulevalidation -Xcc -I/Users/yevgenylevin/Library/Developer/Xcode/DerivedData/Grocery-budget-optimizer-ahhxmmlzdnqkqsabbhmxfpulbwgx/Build/Intermediates.noindex/Grocery-budget-optimizer.build/Debug-iphonesimulator/Grocery-budget-optimizer.build/swift-overrides.hmap -emit-const-values -Xfrontend -const-gather-protocols-file -Xfrontend /Users/yevgenylevin/Library/Developer/Xcode/DerivedData/Grocery-budget-optimizer-ahhxmmlzdnqkqsabbhmxfpulbwgx/Build/Intermediates.noindex/Grocery-budget-optimizer.build/Debug-iphonesimulator/Grocery-budget-optimizer.build/Objects-normal/arm64/Grocery-budget-optimizer_const_extract_protocols.json -Xcc -iquote -Xcc /Users/yevgenylevin/Library/Developer/Xcode/DerivedData/Grocery-budget-optimizer-ahhxmmlzdnqkqsabbhmxfpulbwgx/Build/Intermediates.noindex/Grocery-budget-optimizer.build/Debug-iphonesimulator/Grocery-budget-optimizer.build/Grocery-budget-optimizer-generated-files.hmap -Xcc -I/Users/yevgenylevin/Library/Developer/Xcode/DerivedData/Grocery-budget-optimizer-ahhxmmlzdnqkqsabbhmxfpulbwgx/Build/Intermediates.noindex/Grocery-budget-optimizer.build/Debug-iphonesimulator/Grocery-budget-optimizer.build/Grocery-budget-optimizer-own-target-headers.hmap -Xcc -I/Users/yevgenylevin/Library/Developer/Xcode/DerivedData/Grocery-budget-optimizer-ahhxmmlzdnqkqsabbhmxfpulbwgx/Build/Intermediates.noindex/Grocery-budget-optimizer.build/Debug-iphonesimulator/Grocery-budget-optimizer.build/Grocery-budget-optimizer-all-target-headers.hmap -Xcc -iquote -Xcc /Users/yevgenylevin/Library/Developer/Xcode/DerivedData/Grocery-budget-optimizer-ahhxmmlzdnqkqsabbhmxfpulbwgx/Build/Intermediates.noindex/Grocery-budget-optimizer.build/Debug-iphonesimulator/Grocery-budget-optimizer.build/Grocery-budget-optimizer-project-headers.hmap -Xcc -I/Users/yevgenylevin/Library/Developer/Xcode/DerivedData/Grocery-budget-optimizer-ahhxmmlzdnqkqsabbhmxfpulbwgx/Build/Products/Debug-iphonesimulator/include -Xcc -I/Users/yevgenylevin/Library/Developer/Xcode/DerivedData/Grocery-budget-optimizer-ahhxmmlzdnqkqsabbhmxfpulbwgx/Build/Intermediates.noindex/Grocery-budget-optimizer.build/Debug-iphonesimulator/Grocery-budget-optimizer.build/DerivedSources-normal/arm64 -Xcc -I/Users/yevgenylevin/Library/Developer/Xcode/DerivedData/Grocery-budget-optimizer-ahhxmmlzdnqkqsabbhmxfpulbwgx/Build/Intermediates.noindex/Grocery-budget-optimizer.build/Debug-iphonesimulator/Grocery-budget-optimizer.build/DerivedSources/arm64 -Xcc -I/Users/yevgenylevin/Library/Developer/Xcode/DerivedData/Grocery-budget-optimizer-ahhxmmlzdnqkqsabbhmxfpulbwgx/Build/Intermediates.noindex/Grocery-budget-optimizer.build/Debug-iphonesimulator/Grocery-budget-optimizer.build/DerivedSources -Xcc -DDEBUG\=1 -emit-objc-header -emit-objc-header-path /Users/yevgenylevin/Library/Developer/Xcode/DerivedData/Grocery-budget-optimizer-ahhxmmlzdnqkqsabbhmxfpulbwgx/Build/Intermediates.noindex/Grocery-budget-optimizer.build/Debug-iphonesimulator/Grocery-budget-optimizer.build/Objects-normal/arm64/Grocery_budget_optimizer-Swift.h -working-directory /Users/yevgenylevin/Documents/Develop/iOS/Grocery-budget-optimizer -experimental-emit-module-separately -disable-cmo

SwiftEmitModule normal arm64 Emitting\ module\ for\ Grocery_budget_optimizer (in target 'Grocery-budget-optimizer' from project 'Grocery-budget-optimizer')

EmitSwiftModule normal arm64 (in target 'Grocery-budget-optimizer' from project 'Grocery-budget-optimizer')
    cd /Users/yevgenylevin/Documents/Develop/iOS/Grocery-budget-optimizer
    
/Users/yevgenylevin/Documents/Develop/iOS/Grocery-budget-optimizer/Grocery-budget-optimizer/Presentation/Screens/Budget/BudgetViewModel.swift:15:80: warning: main actor-isolated property 'getBudgetSummaryUseCase' can not be referenced from a nonisolated context
        getBudgetSummary: GetBudgetSummaryUseCaseProtocol = DIContainer.shared.getBudgetSummaryUseCase,
                                                                               ^
/Users/yevgenylevin/Documents/Develop/iOS/Grocery-budget-optimizer/Grocery-budget-optimizer/Core/DependencyInjection/DIContainer.swift:45:14: note: property declared here
    lazy var getBudgetSummaryUseCase: GetBudgetSummaryUseCaseProtocol = {
             ^
/Users/yevgenylevin/Documents/Develop/iOS/Grocery-budget-optimizer/Grocery-budget-optimizer/Presentation/Screens/Budget/BudgetViewModel.swift:15:73: warning: main actor-isolated static property 'shared' can not be referenced from a nonisolated context
        getBudgetSummary: GetBudgetSummaryUseCaseProtocol = DIContainer.shared.getBudgetSummaryUseCase,
                                                                        ^
/Users/yevgenylevin/Documents/Develop/iOS/Grocery-budget-optimizer/Grocery-budget-optimizer/Core/DependencyInjection/DIContainer.swift:5:16: note: static property declared here
    static let shared = DIContainer()
               ^
/Users/yevgenylevin/Documents/Develop/iOS/Grocery-budget-optimizer/Grocery-budget-optimizer/Presentation/Screens/Budget/BudgetViewModel.swift:16:77: warning: main actor-isolated property 'purchaseRepository' can not be referenced from a nonisolated context
        purchaseRepository: PurchaseRepositoryProtocol = DIContainer.shared.purchaseRepository
                                                                            ^
/Users/yevgenylevin/Documents/Develop/iOS/Grocery-budget-optimizer/Grocery-budget-optimizer/Core/DependencyInjection/DIContainer.swift:26:14: note: property declared here
    lazy var purchaseRepository: PurchaseRepositoryProtocol = {
             ^
/Users/yevgenylevin/Documents/Develop/iOS/Grocery-budget-optimizer/Grocery-budget-optimizer/Presentation/Screens/Budget/BudgetViewModel.swift:16:70: warning: main actor-isolated static property 'shared' can not be referenced from a nonisolated context
        purchaseRepository: PurchaseRepositoryProtocol = DIContainer.shared.purchaseRepository
                                                                     ^
/Users/yevgenylevin/Documents/Develop/iOS/Grocery-budget-optimizer/Grocery-budget-optimizer/Core/DependencyInjection/DIContainer.swift:5:16: note: static property declared here
    static let shared = DIContainer()
               ^
/Users/yevgenylevin/Documents/Develop/iOS/Grocery-budget-optimizer/Grocery-budget-optimizer/Presentation/Screens/Items/ItemsViewModel.swift:16:83: warning: main actor-isolated property 'groceryItemRepository' can not be referenced from a nonisolated context
        groceryItemRepository: GroceryItemRepositoryProtocol = DIContainer.shared.groceryItemRepository,
                                                                                  ^
/Users/yevgenylevin/Documents/Develop/iOS/Grocery-budget-optimizer/Grocery-budget-optimizer/Core/DependencyInjection/DIContainer.swift:13:14: note: property declared here
    lazy var groceryItemRepository: GroceryItemRepositoryProtocol = {
             ^
/Users/yevgenylevin/Documents/Develop/iOS/Grocery-budget-optimizer/Grocery-budget-optimizer/Presentation/Screens/Items/ItemsViewModel.swift:16:76: warning: main actor-isolated static property 'shared' can not be referenced from a nonisolated context
        groceryItemRepository: GroceryItemRepositoryProtocol = DIContainer.shared.groceryItemRepository,
                                                                           ^
/Users/yevgenylevin/Documents/Develop/iOS/Grocery-budget-optimizer/Grocery-budget-optimizer/Core/DependencyInjection/DIContainer.swift:5:16: note: static property declared here
    static let shared = DIContainer()
               ^
/Users/yevgenylevin/Documents/Develop/iOS/Grocery-budget-optimizer/Grocery-budget-optimizer/Presentation/Screens/Items/ItemsViewModel.swift:17:77: warning: main actor-isolated property 'searchGroceryItemsUseCase' can not be referenced from a nonisolated context
        searchItems: SearchGroceryItemsUseCaseProtocol = DIContainer.shared.searchGroceryItemsUseCase
                                                                            ^
/Users/yevgenylevin/Documents/Develop/iOS/Grocery-budget-optimizer/Grocery-budget-optimizer/Core/DependencyInjection/DIContainer.swift:120:14: note: property declared here
    lazy var searchGroceryItemsUseCase: SearchGroceryItemsUseCaseProtocol = {
             ^
/Users/yevgenylevin/Documents/Develop/iOS/Grocery-budget-optimizer/Grocery-budget-optimizer/Presentation/Screens/Items/ItemsViewModel.swift:17:70: warning: main actor-isolated static property 'shared' can not be referenced from a nonisolated context
        searchItems: SearchGroceryItemsUseCaseProtocol = DIContainer.shared.searchGroceryItemsUseCase
                                                                     ^
/Users/yevgenylevin/Documents/Develop/iOS/Grocery-budget-optimizer/Grocery-budget-optimizer/Core/DependencyInjection/DIContainer.swift:5:16: note: static property declared here
    static let shared = DIContainer()
               ^
/Users/yevgenylevin/Documents/Develop/iOS/Grocery-budget-optimizer/Grocery-budget-optimizer/Presentation/Screens/ShoppingLists/ShoppingListDetailViewModel.swift:33:94: warning: main actor-isolated property 'getPriceRecommendationsUseCase' can not be referenced from a nonisolated context
        getPriceRecommendations: GetPriceRecommendationsUseCaseProtocol = DIContainer.shared.getPriceRecommendationsUseCase,
                                                                                             ^
/Users/yevgenylevin/Documents/Develop/iOS/Grocery-budget-optimizer/Grocery-budget-optimizer/Core/DependencyInjection/DIContainer.swift:86:14: note: property declared here
    lazy var getPriceRecommendationsUseCase: GetPriceRecommendationsUseCaseProtocol = {
             ^
/Users/yevgenylevin/Documents/Develop/iOS/Grocery-budget-optimizer/Grocery-budget-optimizer/Presentation/Screens/ShoppingLists/ShoppingListDetailViewModel.swift:33:87: warning: main actor-isolated static property 'shared' can not be referenced from a nonisolated context
        getPriceRecommendations: GetPriceRecommendationsUseCaseProtocol = DIContainer.shared.getPriceRecommendationsUseCase,
                                                                                      ^
/Users/yevgenylevin/Documents/Develop/iOS/Grocery-budget-optimizer/Grocery-budget-optimizer/Core/DependencyInjection/DIContainer.swift:5:16: note: static property declared here
    static let shared = DIContainer()
               ^
/Users/yevgenylevin/Documents/Develop/iOS/Grocery-budget-optimizer/Grocery-budget-optimizer/Presentation/Screens/ShoppingLists/ShoppingListDetailViewModel.swift:34:85: warning: main actor-isolated property 'shoppingListRepository' can not be referenced from a nonisolated context
        shoppingListRepository: ShoppingListRepositoryProtocol = DIContainer.shared.shoppingListRepository,
                                                                                    ^
/Users/yevgenylevin/Documents/Develop/iOS/Grocery-budget-optimizer/Grocery-budget-optimizer/Core/DependencyInjection/DIContainer.swift:17:14: note: property declared here
    lazy var shoppingListRepository: ShoppingListRepositoryProtocol = {
             ^
/Users/yevgenylevin/Documents/Develop/iOS/Grocery-budget-optimizer/Grocery-budget-optimizer/Presentation/Screens/ShoppingLists/ShoppingListDetailViewModel.swift:34:78: warning: main actor-isolated static property 'shared' can not be referenced from a nonisolated context
        shoppingListRepository: ShoppingListRepositoryProtocol = DIContainer.shared.shoppingListRepository,
                                                                             ^
/Users/yevgenylevin/Documents/Develop/iOS/Grocery-budget-optimizer/Grocery-budget-optimizer/Core/DependencyInjection/DIContainer.swift:5:16: note: static property declared here
    static let shared = DIContainer()
               ^
/Users/yevgenylevin/Documents/Develop/iOS/Grocery-budget-optimizer/Grocery-budget-optimizer/Presentation/Screens/ShoppingLists/ShoppingListDetailViewModel.swift:35:83: warning: main actor-isolated property 'groceryItemRepository' can not be referenced from a nonisolated context
        groceryItemRepository: GroceryItemRepositoryProtocol = DIContainer.shared.groceryItemRepository
                                                                                  ^
/Users/yevgenylevin/Documents/Develop/iOS/Grocery-budget-optimizer/Grocery-budget-optimizer/Core/DependencyInjection/DIContainer.swift:13:14: note: property declared here
    lazy var groceryItemRepository: GroceryItemRepositoryProtocol = {
             ^
/Users/yevgenylevin/Documents/Develop/iOS/Grocery-budget-optimizer/Grocery-budget-optimizer/Presentation/Screens/ShoppingLists/ShoppingListDetailViewModel.swift:35:76: warning: main actor-isolated static property 'shared' can not be referenced from a nonisolated context
        groceryItemRepository: GroceryItemRepositoryProtocol = DIContainer.shared.groceryItemRepository
                                                                           ^
/Users/yevgenylevin/Documents/Develop/iOS/Grocery-budget-optimizer/Grocery-budget-optimizer/Core/DependencyInjection/DIContainer.swift:5:16: note: static property declared here
    static let shared = DIContainer()
               ^
/Users/yevgenylevin/Documents/Develop/iOS/Grocery-budget-optimizer/Grocery-budget-optimizer/Presentation/Screens/ShoppingLists/ShoppingListsViewModel.swift:14:85: warning: main actor-isolated property 'shoppingListRepository' can not be referenced from a nonisolated context
        shoppingListRepository: ShoppingListRepositoryProtocol = DIContainer.shared.shoppingListRepository,
                                                                                    ^
/Users/yevgenylevin/Documents/Develop/iOS/Grocery-budget-optimizer/Grocery-budget-optimizer/Core/DependencyInjection/DIContainer.swift:17:14: note: property declared here
    lazy var shoppingListRepository: ShoppingListRepositoryProtocol = {
             ^
/Users/yevgenylevin/Documents/Develop/iOS/Grocery-budget-optimizer/Grocery-budget-optimizer/Presentation/Screens/ShoppingLists/ShoppingListsViewModel.swift:14:78: warning: main actor-isolated static property 'shared' can not be referenced from a nonisolated context
        shoppingListRepository: ShoppingListRepositoryProtocol = DIContainer.shared.shoppingListRepository,
                                                                             ^
/Users/yevgenylevin/Documents/Develop/iOS/Grocery-budget-optimizer/Grocery-budget-optimizer/Core/DependencyInjection/DIContainer.swift:5:16: note: static property declared here
    static let shared = DIContainer()
               ^
/Users/yevgenylevin/Documents/Develop/iOS/Grocery-budget-optimizer/Grocery-budget-optimizer/Presentation/Screens/ShoppingLists/ShoppingListsViewModel.swift:15:90: warning: main actor-isolated property 'generateSmartShoppingListUseCase' can not be referenced from a nonisolated context
        generateSmartList: GenerateSmartShoppingListUseCaseProtocol = DIContainer.shared.generateSmartShoppingListUseCase
                                                                                         ^
/Users/yevgenylevin/Documents/Develop/iOS/Grocery-budget-optimizer/Grocery-budget-optimizer/Core/DependencyInjection/DIContainer.swift:57:14: note: property declared here
    lazy var generateSmartShoppingListUseCase: GenerateSmartShoppingListUseCaseProtocol = {
             ^
/Users/yevgenylevin/Documents/Develop/iOS/Grocery-budget-optimizer/Grocery-budget-optimizer/Presentation/Screens/ShoppingLists/ShoppingListsViewModel.swift:15:83: warning: main actor-isolated static property 'shared' can not be referenced from a nonisolated context
        generateSmartList: GenerateSmartShoppingListUseCaseProtocol = DIContainer.shared.generateSmartShoppingListUseCase
                                                                                  ^
/Users/yevgenylevin/Documents/Develop/iOS/Grocery-budget-optimizer/Grocery-budget-optimizer/Core/DependencyInjection/DIContainer.swift:5:16: note: static property declared here
    static let shared = DIContainer()
               ^
/Users/yevgenylevin/Documents/Develop/iOS/Grocery-budget-optimizer/Grocery-budget-optimizer/Presentation/ViewModels/GroceryItemsViewModel.swift:21:54: warning: call to main actor-isolated initializer 'init()' in a synchronous nonisolated context
    init(repository: GroceryItemRepositoryProtocol = MockGroceryItemRepository()) {
                                                     ^
/Users/yevgenylevin/Documents/Develop/iOS/Grocery-budget-optimizer/Grocery-budget-optimizer/Data/Repositories/MockGroceryItemRepository.swift:14:5: note: calls to initializer 'init()' from outside of its actor context are implicitly asynchronous
    init() {
    ^
/Users/yevgenylevin/Documents/Develop/iOS/Grocery-budget-optimizer/Grocery-budget-optimizer/Data/Repositories/MockGroceryItemRepository.swift:14:5: note: main actor isolation inferred from conformance to protocol 'GroceryItemRepositoryProtocol'
    init() {
    ^

SwiftCompile normal arm64 Compiling\ HomeView.swift /Users/yevgenylevin/Documents/Develop/iOS/Grocery-budget-optimizer/Grocery-budget-optimizer/Presentation/Screens/Home/HomeView.swift (in target 'Grocery-budget-optimizer' from project 'Grocery-budget-optimizer')
SwiftCompile normal arm64 /Users/yevgenylevin/Documents/Develop/iOS/Grocery-budget-optimizer/Grocery-budget-optimizer/Presentation/Screens/Home/HomeView.swift (in target 'Grocery-budget-optimizer' from project 'Grocery-budget-optimizer')
    cd /Users/yevgenylevin/Documents/Develop/iOS/Grocery-budget-optimizer
    

SwiftDriverJobDiscovery normal arm64 Emitting module for Grocery_budget_optimizer (in target 'Grocery-budget-optimizer' from project 'Grocery-budget-optimizer')

SwiftDriver\ Compilation\ Requirements Grocery-budget-optimizer normal arm64 com.apple.xcode.tools.swift.compiler (in target 'Grocery-budget-optimizer' from project 'Grocery-budget-optimizer')
    cd /Users/yevgenylevin/Documents/Develop/iOS/Grocery-budget-optimizer
    builtin-Swift-Compilation-Requirements -- /Applications/Xcode.app/Contents/Developer/Toolchains/XcodeDefault.xctoolchain/usr/bin/swiftc -module-name Grocery_budget_optimizer -Onone -enforce-exclusivity\=checked @/Users/yevgenylevin/Library/Developer/Xcode/DerivedData/Grocery-budget-optimizer-ahhxmmlzdnqkqsabbhmxfpulbwgx/Build/Intermediates.noindex/Grocery-budget-optimizer.build/Debug-iphonesimulator/Grocery-budget-optimizer.build/Objects-normal/arm64/Grocery-budget-optimizer.SwiftFileList -DDEBUG -default-isolation\=MainActor -enable-bare-slash-regex -enable-upcoming-feature DisableOutwardActorInference -enable-upcoming-feature InferSendableFromCaptures -enable-upcoming-feature GlobalActorIsolatedTypesUsability -enable-upcoming-feature MemberImportVisibility -enable-upcoming-feature InferIsolatedConformances -enable-upcoming-feature NonisolatedNonsendingByDefault -enable-experimental-feature DebugDescriptionMacro -sdk /Applications/Xcode.app/Contents/Developer/Platforms/iPhoneSimulator.platform/Developer/SDKs/iPhoneSimulator26.0.sdk -target arm64-apple-ios26.0-simulator -g -module-cache-path /Users/yevgenylevin/Library/Developer/Xcode/DerivedData/ModuleCache.noindex -Xfrontend -serialize-debugging-options -profile-coverage-mapping -profile-generate -enable-testing -index-store-path /Users/yevgenylevin/Library/Developer/Xcode/DerivedData/Grocery-budget-optimizer-ahhxmmlzdnqkqsabbhmxfpulbwgx/Index.noindex/DataStore -Xcc -D_LIBCPP_HARDENING_MODE\=_LIBCPP_HARDENING_MODE_DEBUG -swift-version 5 -I /Users/yevgenylevin/Library/Developer/Xcode/DerivedData/Grocery-budget-optimizer-ahhxmmlzdnqkqsabbhmxfpulbwgx/Build/Products/Debug-iphonesimulator -F /Users/yevgenylevin/Library/Developer/Xcode/DerivedData/Grocery-budget-optimizer-ahhxmmlzdnqkqsabbhmxfpulbwgx/Build/Products/Debug-iphonesimulator -emit-localized-strings -emit-localized-strings-path /Users/yevgenylevin/Library/Developer/Xcode/DerivedData/Grocery-budget-optimizer-ahhxmmlzdnqkqsabbhmxfpulbwgx/Build/Intermediates.noindex/Grocery-budget-optimizer.build/Debug-iphonesimulator/Grocery-budget-optimizer.build/Objects-normal/arm64 -c -j10 -enable-batch-mode -incremental -Xcc -ivfsstatcache -Xcc /Users/yevgenylevin/Library/Developer/Xcode/DerivedData/SDKStatCaches.noindex/iphonesimulator26.0-23A339-26257891a6c027eb51374368541b8346.sdkstatcache -output-file-map /Users/yevgenylevin/Library/Developer/Xcode/DerivedData/Grocery-budget-optimizer-ahhxmmlzdnqkqsabbhmxfpulbwgx/Build/Intermediates.noindex/Grocery-budget-optimizer.build/Debug-iphonesimulator/Grocery-budget-optimizer.build/Objects-normal/arm64/Grocery-budget-optimizer-OutputFileMap.json -use-frontend-parseable-output -save-temps -no-color-diagnostics -explicit-module-build -module-cache-path /Users/yevgenylevin/Library/Developer/Xcode/DerivedData/Grocery-budget-optimizer-ahhxmmlzdnqkqsabbhmxfpulbwgx/Build/Intermediates.noindex/SwiftExplicitPrecompiledModules -clang-scanner-module-cache-path /Users/yevgenylevin/Library/Developer/Xcode/DerivedData/ModuleCache.noindex -sdk-module-cache-path /Users/yevgenylevin/Library/Developer/Xcode/DerivedData/ModuleCache.noindex -serialize-diagnostics -emit-dependencies -emit-module -emit-module-path /Users/yevgenylevin/Library/Developer/Xcode/DerivedData/Grocery-budget-optimizer-ahhxmmlzdnqkqsabbhmxfpulbwgx/Build/Intermediates.noindex/Grocery-budget-optimizer.build/Debug-iphonesimulator/Grocery-budget-optimizer.build/Objects-normal/arm64/Grocery_budget_optimizer.swiftmodule -validate-clang-modules-once -clang-build-session-file /Users/yevgenylevin/Library/Developer/Xcode/DerivedData/ModuleCache.noindex/Session.modulevalidation -Xcc -I/Users/yevgenylevin/Library/Developer/Xcode/DerivedData/Grocery-budget-optimizer-ahhxmmlzdnqkqsabbhmxfpulbwgx/Build/Intermediates.noindex/Grocery-budget-optimizer.build/Debug-iphonesimulator/Grocery-budget-optimizer.build/swift-overrides.hmap -emit-const-values -Xfrontend -const-gather-protocols-file -Xfrontend /Users/yevgenylevin/Library/Developer/Xcode/DerivedData/Grocery-budget-optimizer-ahhxmmlzdnqkqsabbhmxfpulbwgx/Build/Intermediates.noindex/Grocery-budget-optimizer.build/Debug-iphonesimulator/Grocery-budget-optimizer.build/Objects-normal/arm64/Grocery-budget-optimizer_const_extract_protocols.json -Xcc -iquote -Xcc /Users/yevgenylevin/Library/Developer/Xcode/DerivedData/Grocery-budget-optimizer-ahhxmmlzdnqkqsabbhmxfpulbwgx/Build/Intermediates.noindex/Grocery-budget-optimizer.build/Debug-iphonesimulator/Grocery-budget-optimizer.build/Grocery-budget-optimizer-generated-files.hmap -Xcc -I/Users/yevgenylevin/Library/Developer/Xcode/DerivedData/Grocery-budget-optimizer-ahhxmmlzdnqkqsabbhmxfpulbwgx/Build/Intermediates.noindex/Grocery-budget-optimizer.build/Debug-iphonesimulator/Grocery-budget-optimizer.build/Grocery-budget-optimizer-own-target-headers.hmap -Xcc -I/Users/yevgenylevin/Library/Developer/Xcode/DerivedData/Grocery-budget-optimizer-ahhxmmlzdnqkqsabbhmxfpulbwgx/Build/Intermediates.noindex/Grocery-budget-optimizer.build/Debug-iphonesimulator/Grocery-budget-optimizer.build/Grocery-budget-optimizer-all-target-headers.hmap -Xcc -iquote -Xcc /Users/yevgenylevin/Library/Developer/Xcode/DerivedData/Grocery-budget-optimizer-ahhxmmlzdnqkqsabbhmxfpulbwgx/Build/Intermediates.noindex/Grocery-budget-optimizer.build/Debug-iphonesimulator/Grocery-budget-optimizer.build/Grocery-budget-optimizer-project-headers.hmap -Xcc -I/Users/yevgenylevin/Library/Developer/Xcode/DerivedData/Grocery-budget-optimizer-ahhxmmlzdnqkqsabbhmxfpulbwgx/Build/Products/Debug-iphonesimulator/include -Xcc -I/Users/yevgenylevin/Library/Developer/Xcode/DerivedData/Grocery-budget-optimizer-ahhxmmlzdnqkqsabbhmxfpulbwgx/Build/Intermediates.noindex/Grocery-budget-optimizer.build/Debug-iphonesimulator/Grocery-budget-optimizer.build/DerivedSources-normal/arm64 -Xcc -I/Users/yevgenylevin/Library/Developer/Xcode/DerivedData/Grocery-budget-optimizer-ahhxmmlzdnqkqsabbhmxfpulbwgx/Build/Intermediates.noindex/Grocery-budget-optimizer.build/Debug-iphonesimulator/Grocery-budget-optimizer.build/DerivedSources/arm64 -Xcc -I/Users/yevgenylevin/Library/Developer/Xcode/DerivedData/Grocery-budget-optimizer-ahhxmmlzdnqkqsabbhmxfpulbwgx/Build/Intermediates.noindex/Grocery-budget-optimizer.build/Debug-iphonesimulator/Grocery-budget-optimizer.build/DerivedSources -Xcc -DDEBUG\=1 -emit-objc-header -emit-objc-header-path /Users/yevgenylevin/Library/Developer/Xcode/DerivedData/Grocery-budget-optimizer-ahhxmmlzdnqkqsabbhmxfpulbwgx/Build/Intermediates.noindex/Grocery-budget-optimizer.build/Debug-iphonesimulator/Grocery-budget-optimizer.build/Objects-normal/arm64/Grocery_budget_optimizer-Swift.h -working-directory /Users/yevgenylevin/Documents/Develop/iOS/Grocery-budget-optimizer -experimental-emit-module-separately -disable-cmo

Copy /Users/yevgenylevin/Library/Developer/Xcode/DerivedData/Grocery-budget-optimizer-ahhxmmlzdnqkqsabbhmxfpulbwgx/Build/Products/Debug-iphonesimulator/Grocery_budget_optimizer.swiftmodule/arm64-apple-ios-simulator.swiftmodule /Users/yevgenylevin/Library/Developer/Xcode/DerivedData/Grocery-budget-optimizer-ahhxmmlzdnqkqsabbhmxfpulbwgx/Build/Intermediates.noindex/Grocery-budget-optimizer.build/Debug-iphonesimulator/Grocery-budget-optimizer.build/Objects-normal/arm64/Grocery_budget_optimizer.swiftmodule (in target 'Grocery-budget-optimizer' from project 'Grocery-budget-optimizer')
    cd /Users/yevgenylevin/Documents/Develop/iOS/Grocery-budget-optimizer
    builtin-copy -exclude .DS_Store -exclude CVS -exclude .svn -exclude .git -exclude .hg -resolve-src-symlinks -rename /Users/yevgenylevin/Library/Developer/Xcode/DerivedData/Grocery-budget-optimizer-ahhxmmlzdnqkqsabbhmxfpulbwgx/Build/Intermediates.noindex/Grocery-budget-optimizer.build/Debug-iphonesimulator/Grocery-budget-optimizer.build/Objects-normal/arm64/Grocery_budget_optimizer.swiftmodule /Users/yevgenylevin/Library/Developer/Xcode/DerivedData/Grocery-budget-optimizer-ahhxmmlzdnqkqsabbhmxfpulbwgx/Build/Products/Debug-iphonesimulator/Grocery_budget_optimizer.swiftmodule/arm64-apple-ios-simulator.swiftmodule

Copy /Users/yevgenylevin/Library/Developer/Xcode/DerivedData/Grocery-budget-optimizer-ahhxmmlzdnqkqsabbhmxfpulbwgx/Build/Products/Debug-iphonesimulator/Grocery_budget_optimizer.swiftmodule/Project/arm64-apple-ios-simulator.swiftsourceinfo /Users/yevgenylevin/Library/Developer/Xcode/DerivedData/Grocery-budget-optimizer-ahhxmmlzdnqkqsabbhmxfpulbwgx/Build/Intermediates.noindex/Grocery-budget-optimizer.build/Debug-iphonesimulator/Grocery-budget-optimizer.build/Objects-normal/arm64/Grocery_budget_optimizer.swiftsourceinfo (in target 'Grocery-budget-optimizer' from project 'Grocery-budget-optimizer')
    cd /Users/yevgenylevin/Documents/Develop/iOS/Grocery-budget-optimizer
    builtin-copy -exclude .DS_Store -exclude CVS -exclude .svn -exclude .git -exclude .hg -resolve-src-symlinks -rename /Users/yevgenylevin/Library/Developer/Xcode/DerivedData/Grocery-budget-optimizer-ahhxmmlzdnqkqsabbhmxfpulbwgx/Build/Intermediates.noindex/Grocery-budget-optimizer.build/Debug-iphonesimulator/Grocery-budget-optimizer.build/Objects-normal/arm64/Grocery_budget_optimizer.swiftsourceinfo /Users/yevgenylevin/Library/Developer/Xcode/DerivedData/Grocery-budget-optimizer-ahhxmmlzdnqkqsabbhmxfpulbwgx/Build/Products/Debug-iphonesimulator/Grocery_budget_optimizer.swiftmodule/Project/arm64-apple-ios-simulator.swiftsourceinfo

Copy /Users/yevgenylevin/Library/Developer/Xcode/DerivedData/Grocery-budget-optimizer-ahhxmmlzdnqkqsabbhmxfpulbwgx/Build/Products/Debug-iphonesimulator/Grocery_budget_optimizer.swiftmodule/arm64-apple-ios-simulator.abi.json /Users/yevgenylevin/Library/Developer/Xcode/DerivedData/Grocery-budget-optimizer-ahhxmmlzdnqkqsabbhmxfpulbwgx/Build/Intermediates.noindex/Grocery-budget-optimizer.build/Debug-iphonesimulator/Grocery-budget-optimizer.build/Objects-normal/arm64/Grocery_budget_optimizer.abi.json (in target 'Grocery-budget-optimizer' from project 'Grocery-budget-optimizer')
    cd /Users/yevgenylevin/Documents/Develop/iOS/Grocery-budget-optimizer
    builtin-copy -exclude .DS_Store -exclude CVS -exclude .svn -exclude .git -exclude .hg -resolve-src-symlinks -rename /Users/yevgenylevin/Library/Developer/Xcode/DerivedData/Grocery-budget-optimizer-ahhxmmlzdnqkqsabbhmxfpulbwgx/Build/Intermediates.noindex/Grocery-budget-optimizer.build/Debug-iphonesimulator/Grocery-budget-optimizer.build/Objects-normal/arm64/Grocery_budget_optimizer.abi.json /Users/yevgenylevin/Library/Developer/Xcode/DerivedData/Grocery-budget-optimizer-ahhxmmlzdnqkqsabbhmxfpulbwgx/Build/Products/Debug-iphonesimulator/Grocery_budget_optimizer.swiftmodule/arm64-apple-ios-simulator.abi.json

SwiftDriverJobDiscovery normal arm64 Compiling HomeView.swift (in target 'Grocery-budget-optimizer' from project 'Grocery-budget-optimizer')

SwiftDriver\ Compilation Grocery-budget-optimizer normal arm64 com.apple.xcode.tools.swift.compiler (in target 'Grocery-budget-optimizer' from project 'Grocery-budget-optimizer')
    cd /Users/yevgenylevin/Documents/Develop/iOS/Grocery-budget-optimizer
    builtin-Swift-Compilation -- /Applications/Xcode.app/Contents/Developer/Toolchains/XcodeDefault.xctoolchain/usr/bin/swiftc -module-name Grocery_budget_optimizer -Onone -enforce-exclusivity\=checked @/Users/yevgenylevin/Library/Developer/Xcode/DerivedData/Grocery-budget-optimizer-ahhxmmlzdnqkqsabbhmxfpulbwgx/Build/Intermediates.noindex/Grocery-budget-optimizer.build/Debug-iphonesimulator/Grocery-budget-optimizer.build/Objects-normal/arm64/Grocery-budget-optimizer.SwiftFileList -DDEBUG -default-isolation\=MainActor -enable-bare-slash-regex -enable-upcoming-feature DisableOutwardActorInference -enable-upcoming-feature InferSendableFromCaptures -enable-upcoming-feature GlobalActorIsolatedTypesUsability -enable-upcoming-feature MemberImportVisibility -enable-upcoming-feature InferIsolatedConformances -enable-upcoming-feature NonisolatedNonsendingByDefault -enable-experimental-feature DebugDescriptionMacro -sdk /Applications/Xcode.app/Contents/Developer/Platforms/iPhoneSimulator.platform/Developer/SDKs/iPhoneSimulator26.0.sdk -target arm64-apple-ios26.0-simulator -g -module-cache-path /Users/yevgenylevin/Library/Developer/Xcode/DerivedData/ModuleCache.noindex -Xfrontend -serialize-debugging-options -profile-coverage-mapping -profile-generate -enable-testing -index-store-path /Users/yevgenylevin/Library/Developer/Xcode/DerivedData/Grocery-budget-optimizer-ahhxmmlzdnqkqsabbhmxfpulbwgx/Index.noindex/DataStore -Xcc -D_LIBCPP_HARDENING_MODE\=_LIBCPP_HARDENING_MODE_DEBUG -swift-version 5 -I /Users/yevgenylevin/Library/Developer/Xcode/DerivedData/Grocery-budget-optimizer-ahhxmmlzdnqkqsabbhmxfpulbwgx/Build/Products/Debug-iphonesimulator -F /Users/yevgenylevin/Library/Developer/Xcode/DerivedData/Grocery-budget-optimizer-ahhxmmlzdnqkqsabbhmxfpulbwgx/Build/Products/Debug-iphonesimulator -emit-localized-strings -emit-localized-strings-path /Users/yevgenylevin/Library/Developer/Xcode/DerivedData/Grocery-budget-optimizer-ahhxmmlzdnqkqsabbhmxfpulbwgx/Build/Intermediates.noindex/Grocery-budget-optimizer.build/Debug-iphonesimulator/Grocery-budget-optimizer.build/Objects-normal/arm64 -c -j10 -enable-batch-mode -incremental -Xcc -ivfsstatcache -Xcc /Users/yevgenylevin/Library/Developer/Xcode/DerivedData/SDKStatCaches.noindex/iphonesimulator26.0-23A339-26257891a6c027eb51374368541b8346.sdkstatcache -output-file-map /Users/yevgenylevin/Library/Developer/Xcode/DerivedData/Grocery-budget-optimizer-ahhxmmlzdnqkqsabbhmxfpulbwgx/Build/Intermediates.noindex/Grocery-budget-optimizer.build/Debug-iphonesimulator/Grocery-budget-optimizer.build/Objects-normal/arm64/Grocery-budget-optimizer-OutputFileMap.json -use-frontend-parseable-output -save-temps -no-color-diagnostics -explicit-module-build -module-cache-path /Users/yevgenylevin/Library/Developer/Xcode/DerivedData/Grocery-budget-optimizer-ahhxmmlzdnqkqsabbhmxfpulbwgx/Build/Intermediates.noindex/SwiftExplicitPrecompiledModules -clang-scanner-module-cache-path /Users/yevgenylevin/Library/Developer/Xcode/DerivedData/ModuleCache.noindex -sdk-module-cache-path /Users/yevgenylevin/Library/Developer/Xcode/DerivedData/ModuleCache.noindex -serialize-diagnostics -emit-dependencies -emit-module -emit-module-path /Users/yevgenylevin/Library/Developer/Xcode/DerivedData/Grocery-budget-optimizer-ahhxmmlzdnqkqsabbhmxfpulbwgx/Build/Intermediates.noindex/Grocery-budget-optimizer.build/Debug-iphonesimulator/Grocery-budget-optimizer.build/Objects-normal/arm64/Grocery_budget_optimizer.swiftmodule -validate-clang-modules-once -clang-build-session-file /Users/yevgenylevin/Library/Developer/Xcode/DerivedData/ModuleCache.noindex/Session.modulevalidation -Xcc -I/Users/yevgenylevin/Library/Developer/Xcode/DerivedData/Grocery-budget-optimizer-ahhxmmlzdnqkqsabbhmxfpulbwgx/Build/Intermediates.noindex/Grocery-budget-optimizer.build/Debug-iphonesimulator/Grocery-budget-optimizer.build/swift-overrides.hmap -emit-const-values -Xfrontend -const-gather-protocols-file -Xfrontend /Users/yevgenylevin/Library/Developer/Xcode/DerivedData/Grocery-budget-optimizer-ahhxmmlzdnqkqsabbhmxfpulbwgx/Build/Intermediates.noindex/Grocery-budget-optimizer.build/Debug-iphonesimulator/Grocery-budget-optimizer.build/Objects-normal/arm64/Grocery-budget-optimizer_const_extract_protocols.json -Xcc -iquote -Xcc /Users/yevgenylevin/Library/Developer/Xcode/DerivedData/Grocery-budget-optimizer-ahhxmmlzdnqkqsabbhmxfpulbwgx/Build/Intermediates.noindex/Grocery-budget-optimizer.build/Debug-iphonesimulator/Grocery-budget-optimizer.build/Grocery-budget-optimizer-generated-files.hmap -Xcc -I/Users/yevgenylevin/Library/Developer/Xcode/DerivedData/Grocery-budget-optimizer-ahhxmmlzdnqkqsabbhmxfpulbwgx/Build/Intermediates.noindex/Grocery-budget-optimizer.build/Debug-iphonesimulator/Grocery-budget-optimizer.build/Grocery-budget-optimizer-own-target-headers.hmap -Xcc -I/Users/yevgenylevin/Library/Developer/Xcode/DerivedData/Grocery-budget-optimizer-ahhxmmlzdnqkqsabbhmxfpulbwgx/Build/Intermediates.noindex/Grocery-budget-optimizer.build/Debug-iphonesimulator/Grocery-budget-optimizer.build/Grocery-budget-optimizer-all-target-headers.hmap -Xcc -iquote -Xcc /Users/yevgenylevin/Library/Developer/Xcode/DerivedData/Grocery-budget-optimizer-ahhxmmlzdnqkqsabbhmxfpulbwgx/Build/Intermediates.noindex/Grocery-budget-optimizer.build/Debug-iphonesimulator/Grocery-budget-optimizer.build/Grocery-budget-optimizer-project-headers.hmap -Xcc -I/Users/yevgenylevin/Library/Developer/Xcode/DerivedData/Grocery-budget-optimizer-ahhxmmlzdnqkqsabbhmxfpulbwgx/Build/Products/Debug-iphonesimulator/include -Xcc -I/Users/yevgenylevin/Library/Developer/Xcode/DerivedData/Grocery-budget-optimizer-ahhxmmlzdnqkqsabbhmxfpulbwgx/Build/Intermediates.noindex/Grocery-budget-optimizer.build/Debug-iphonesimulator/Grocery-budget-optimizer.build/DerivedSources-normal/arm64 -Xcc -I/Users/yevgenylevin/Library/Developer/Xcode/DerivedData/Grocery-budget-optimizer-ahhxmmlzdnqkqsabbhmxfpulbwgx/Build/Intermediates.noindex/Grocery-budget-optimizer.build/Debug-iphonesimulator/Grocery-budget-optimizer.build/DerivedSources/arm64 -Xcc -I/Users/yevgenylevin/Library/Developer/Xcode/DerivedData/Grocery-budget-optimizer-ahhxmmlzdnqkqsabbhmxfpulbwgx/Build/Intermediates.noindex/Grocery-budget-optimizer.build/Debug-iphonesimulator/Grocery-budget-optimizer.build/DerivedSources -Xcc -DDEBUG\=1 -emit-objc-header -emit-objc-header-path /Users/yevgenylevin/Library/Developer/Xcode/DerivedData/Grocery-budget-optimizer-ahhxmmlzdnqkqsabbhmxfpulbwgx/Build/Intermediates.noindex/Grocery-budget-optimizer.build/Debug-iphonesimulator/Grocery-budget-optimizer.build/Objects-normal/arm64/Grocery_budget_optimizer-Swift.h -working-directory /Users/yevgenylevin/Documents/Develop/iOS/Grocery-budget-optimizer -experimental-emit-module-separately -disable-cmo

Ld /Users/yevgenylevin/Library/Developer/Xcode/DerivedData/Grocery-budget-optimizer-ahhxmmlzdnqkqsabbhmxfpulbwgx/Build/Products/Debug-iphonesimulator/Grocery-budget-optimizer.app/Grocery-budget-optimizer.debug.dylib normal (in target 'Grocery-budget-optimizer' from project 'Grocery-budget-optimizer')
    cd /Users/yevgenylevin/Documents/Develop/iOS/Grocery-budget-optimizer
    /Applications/Xcode.app/Contents/Developer/Toolchains/XcodeDefault.xctoolchain/usr/bin/clang -Xlinker -reproducible -target arm64-apple-ios26.0-simulator -dynamiclib -isysroot /Applications/Xcode.app/Contents/Developer/Platforms/iPhoneSimulator.platform/Developer/SDKs/iPhoneSimulator26.0.sdk -O0 -L/Users/yevgenylevin/Library/Developer/Xcode/DerivedData/Grocery-budget-optimizer-ahhxmmlzdnqkqsabbhmxfpulbwgx/Build/Intermediates.noindex/EagerLinkingTBDs/Debug-iphonesimulator -L/Users/yevgenylevin/Library/Developer/Xcode/DerivedData/Grocery-budget-optimizer-ahhxmmlzdnqkqsabbhmxfpulbwgx/Build/Products/Debug-iphonesimulator -F/Users/yevgenylevin/Library/Developer/Xcode/DerivedData/Grocery-budget-optimizer-ahhxmmlzdnqkqsabbhmxfpulbwgx/Build/Intermediates.noindex/EagerLinkingTBDs/Debug-iphonesimulator -F/Users/yevgenylevin/Library/Developer/Xcode/DerivedData/Grocery-budget-optimizer-ahhxmmlzdnqkqsabbhmxfpulbwgx/Build/Products/Debug-iphonesimulator -filelist /Users/yevgenylevin/Library/Developer/Xcode/DerivedData/Grocery-budget-optimizer-ahhxmmlzdnqkqsabbhmxfpulbwgx/Build/Intermediates.noindex/Grocery-budget-optimizer.build/Debug-iphonesimulator/Grocery-budget-optimizer.build/Objects-normal/arm64/Grocery-budget-optimizer.LinkFileList -install_name @rpath/Grocery-budget-optimizer.debug.dylib -Xlinker -rpath -Xlinker @executable_path/Frameworks -dead_strip -Xlinker -object_path_lto -Xlinker /Users/yevgenylevin/Library/Developer/Xcode/DerivedData/Grocery-budget-optimizer-ahhxmmlzdnqkqsabbhmxfpulbwgx/Build/Intermediates.noindex/Grocery-budget-optimizer.build/Debug-iphonesimulator/Grocery-budget-optimizer.build/Objects-normal/arm64/Grocery-budget-optimizer_lto.o -rdynamic -Xlinker -no_deduplicate -Xlinker -objc_abi_version -Xlinker 2 -Xlinker -debug_variant -Xlinker -dependency_info -Xlinker /Users/yevgenylevin/Library/Developer/Xcode/DerivedData/Grocery-budget-optimizer-ahhxmmlzdnqkqsabbhmxfpulbwgx/Build/Intermediates.noindex/Grocery-budget-optimizer.build/Debug-iphonesimulator/Grocery-budget-optimizer.build/Objects-normal/arm64/Grocery-budget-optimizer_dependency_info.dat -fobjc-link-runtime -fprofile-instr-generate -L/Applications/Xcode.app/Contents/Developer/Toolchains/XcodeDefault.xctoolchain/usr/lib/swift/iphonesimulator -L/usr/lib/swift -Xlinker -add_ast_path -Xlinker /Users/yevgenylevin/Library/Developer/Xcode/DerivedData/Grocery-budget-optimizer-ahhxmmlzdnqkqsabbhmxfpulbwgx/Build/Intermediates.noindex/Grocery-budget-optimizer.build/Debug-iphonesimulator/Grocery-budget-optimizer.build/Objects-normal/arm64/Grocery_budget_optimizer.swiftmodule @/Users/yevgenylevin/Library/Developer/Xcode/DerivedData/Grocery-budget-optimizer-ahhxmmlzdnqkqsabbhmxfpulbwgx/Build/Intermediates.noindex/Grocery-budget-optimizer.build/Debug-iphonesimulator/Grocery-budget-optimizer.build/Objects-normal/arm64/Grocery_budget_optimizer-linker-args.resp -Xlinker -alias -Xlinker _main -Xlinker ___debug_main_executable_dylib_entry_point -Xlinker -no_adhoc_codesign -o /Users/yevgenylevin/Library/Developer/Xcode/DerivedData/Grocery-budget-optimizer-ahhxmmlzdnqkqsabbhmxfpulbwgx/Build/Products/Debug-iphonesimulator/Grocery-budget-optimizer.app/Grocery-budget-optimizer.debug.dylib

ConstructStubExecutorLinkFileList /Users/yevgenylevin/Library/Developer/Xcode/DerivedData/Grocery-budget-optimizer-ahhxmmlzdnqkqsabbhmxfpulbwgx/Build/Intermediates.noindex/Grocery-budget-optimizer.build/Debug-iphonesimulator/Grocery-budget-optimizer.build/Grocery-budget-optimizer-ExecutorLinkFileList-normal-arm64.txt (in target 'Grocery-budget-optimizer' from project 'Grocery-budget-optimizer')
    cd /Users/yevgenylevin/Documents/Develop/iOS/Grocery-budget-optimizer
    construct-stub-executor-link-file-list /Users/yevgenylevin/Library/Developer/Xcode/DerivedData/Grocery-budget-optimizer-ahhxmmlzdnqkqsabbhmxfpulbwgx/Build/Products/Debug-iphonesimulator/Grocery-budget-optimizer.app/Grocery-budget-optimizer.debug.dylib /Applications/Xcode.app/Contents/Developer/Platforms/iPhoneSimulator.platform/Developer/usr/lib/libPreviewsJITStubExecutor_no_swift_entry_point.a /Applications/Xcode.app/Contents/Developer/Platforms/iPhoneSimulator.platform/Developer/usr/lib/libPreviewsJITStubExecutor.a --output /Users/yevgenylevin/Library/Developer/Xcode/DerivedData/Grocery-budget-optimizer-ahhxmmlzdnqkqsabbhmxfpulbwgx/Build/Intermediates.noindex/Grocery-budget-optimizer.build/Debug-iphonesimulator/Grocery-budget-optimizer.build/Grocery-budget-optimizer-ExecutorLinkFileList-normal-arm64.txt
note: Using stub executor library with Swift entry point. (in target 'Grocery-budget-optimizer' from project 'Grocery-budget-optimizer')

Ld /Users/yevgenylevin/Library/Developer/Xcode/DerivedData/Grocery-budget-optimizer-ahhxmmlzdnqkqsabbhmxfpulbwgx/Build/Products/Debug-iphonesimulator/Grocery-budget-optimizer.app/Grocery-budget-optimizer normal (in target 'Grocery-budget-optimizer' from project 'Grocery-budget-optimizer')
    cd /Users/yevgenylevin/Documents/Develop/iOS/Grocery-budget-optimizer
    /Applications/Xcode.app/Contents/Developer/Toolchains/XcodeDefault.xctoolchain/usr/bin/clang -Xlinker -reproducible -target arm64-apple-ios26.0-simulator -isysroot /Applications/Xcode.app/Contents/Developer/Platforms/iPhoneSimulator.platform/Developer/SDKs/iPhoneSimulator26.0.sdk -O0 -L/Users/yevgenylevin/Library/Developer/Xcode/DerivedData/Grocery-budget-optimizer-ahhxmmlzdnqkqsabbhmxfpulbwgx/Build/Products/Debug-iphonesimulator -F/Users/yevgenylevin/Library/Developer/Xcode/DerivedData/Grocery-budget-optimizer-ahhxmmlzdnqkqsabbhmxfpulbwgx/Build/Products/Debug-iphonesimulator -Xlinker -rpath -Xlinker @executable_path -Xlinker -rpath -Xlinker @executable_path/Frameworks -rdynamic -Xlinker -no_deduplicate -Xlinker -objc_abi_version -Xlinker 2 -Xlinker -debug_variant -e ___debug_blank_executor_main -Xlinker -sectcreate -Xlinker __TEXT -Xlinker __debug_dylib -Xlinker /Users/yevgenylevin/Library/Developer/Xcode/DerivedData/Grocery-budget-optimizer-ahhxmmlzdnqkqsabbhmxfpulbwgx/Build/Intermediates.noindex/Grocery-budget-optimizer.build/Debug-iphonesimulator/Grocery-budget-optimizer.build/Grocery-budget-optimizer-DebugDylibPath-normal-arm64.txt -Xlinker -sectcreate -Xlinker __TEXT -Xlinker __debug_instlnm -Xlinker /Users/yevgenylevin/Library/Developer/Xcode/DerivedData/Grocery-budget-optimizer-ahhxmmlzdnqkqsabbhmxfpulbwgx/Build/Intermediates.noindex/Grocery-budget-optimizer.build/Debug-iphonesimulator/Grocery-budget-optimizer.build/Grocery-budget-optimizer-DebugDylibInstallName-normal-arm64.txt -Xlinker -filelist -Xlinker /Users/yevgenylevin/Library/Developer/Xcode/DerivedData/Grocery-budget-optimizer-ahhxmmlzdnqkqsabbhmxfpulbwgx/Build/Intermediates.noindex/Grocery-budget-optimizer.build/Debug-iphonesimulator/Grocery-budget-optimizer.build/Grocery-budget-optimizer-ExecutorLinkFileList-normal-arm64.txt -Xlinker -sectcreate -Xlinker __TEXT -Xlinker __entitlements -Xlinker /Users/yevgenylevin/Library/Developer/Xcode/DerivedData/Grocery-budget-optimizer-ahhxmmlzdnqkqsabbhmxfpulbwgx/Build/Intermediates.noindex/Grocery-budget-optimizer.build/Debug-iphonesimulator/Grocery-budget-optimizer.build/Grocery-budget-optimizer.app-Simulated.xcent -Xlinker -sectcreate -Xlinker __TEXT -Xlinker __ents_der -Xlinker /Users/yevgenylevin/Library/Developer/Xcode/DerivedData/Grocery-budget-optimizer-ahhxmmlzdnqkqsabbhmxfpulbwgx/Build/Intermediates.noindex/Grocery-budget-optimizer.build/Debug-iphonesimulator/Grocery-budget-optimizer.build/Grocery-budget-optimizer.app-Simulated.xcent.der /Users/yevgenylevin/Library/Developer/Xcode/DerivedData/Grocery-budget-optimizer-ahhxmmlzdnqkqsabbhmxfpulbwgx/Build/Products/Debug-iphonesimulator/Grocery-budget-optimizer.app/Grocery-budget-optimizer.debug.dylib -Xlinker -no_adhoc_codesign -o /Users/yevgenylevin/Library/Developer/Xcode/DerivedData/Grocery-budget-optimizer-ahhxmmlzdnqkqsabbhmxfpulbwgx/Build/Products/Debug-iphonesimulator/Grocery-budget-optimizer.app/Grocery-budget-optimizer

ExtractAppIntentsMetadata (in target 'Grocery-budget-optimizer' from project 'Grocery-budget-optimizer')
    cd /Users/yevgenylevin/Documents/Develop/iOS/Grocery-budget-optimizer
    /Applications/Xcode.app/Contents/Developer/Toolchains/XcodeDefault.xctoolchain/usr/bin/appintentsmetadataprocessor --toolchain-dir /Applications/Xcode.app/Contents/Developer/Toolchains/XcodeDefault.xctoolchain --module-name Grocery_budget_optimizer --sdk-root /Applications/Xcode.app/Contents/Developer/Platforms/iPhoneSimulator.platform/Developer/SDKs/iPhoneSimulator26.0.sdk --xcode-version 17A400 --platform-family iOS --deployment-target 26.0 --bundle-identifier com.yevgenylevin.animated.Grocery-budget-optimizer --output /Users/yevgenylevin/Library/Developer/Xcode/DerivedData/Grocery-budget-optimizer-ahhxmmlzdnqkqsabbhmxfpulbwgx/Build/Products/Debug-iphonesimulator/Grocery-budget-optimizer.app --target-triple arm64-apple-ios26.0-simulator --binary-file /Users/yevgenylevin/Library/Developer/Xcode/DerivedData/Grocery-budget-optimizer-ahhxmmlzdnqkqsabbhmxfpulbwgx/Build/Products/Debug-iphonesimulator/Grocery-budget-optimizer.app/Grocery-budget-optimizer --dependency-file /Users/yevgenylevin/Library/Developer/Xcode/DerivedData/Grocery-budget-optimizer-ahhxmmlzdnqkqsabbhmxfpulbwgx/Build/Intermediates.noindex/Grocery-budget-optimizer.build/Debug-iphonesimulator/Grocery-budget-optimizer.build/Objects-normal/arm64/Grocery-budget-optimizer_dependency_info.dat --stringsdata-file /Users/yevgenylevin/Library/Developer/Xcode/DerivedData/Grocery-budget-optimizer-ahhxmmlzdnqkqsabbhmxfpulbwgx/Build/Intermediates.noindex/Grocery-budget-optimizer.build/Debug-iphonesimulator/Grocery-budget-optimizer.build/Objects-normal/arm64/ExtractedAppShortcutsMetadata.stringsdata --source-file-list /Users/yevgenylevin/Library/Developer/Xcode/DerivedData/Grocery-budget-optimizer-ahhxmmlzdnqkqsabbhmxfpulbwgx/Build/Intermediates.noindex/Grocery-budget-optimizer.build/Debug-iphonesimulator/Grocery-budget-optimizer.build/Objects-normal/arm64/Grocery-budget-optimizer.SwiftFileList --metadata-file-list /Users/yevgenylevin/Library/Developer/Xcode/DerivedData/Grocery-budget-optimizer-ahhxmmlzdnqkqsabbhmxfpulbwgx/Build/Intermediates.noindex/Grocery-budget-optimizer.build/Debug-iphonesimulator/Grocery-budget-optimizer.build/Grocery-budget-optimizer.DependencyMetadataFileList --static-metadata-file-list /Users/yevgenylevin/Library/Developer/Xcode/DerivedData/Grocery-budget-optimizer-ahhxmmlzdnqkqsabbhmxfpulbwgx/Build/Intermediates.noindex/Grocery-budget-optimizer.build/Debug-iphonesimulator/Grocery-budget-optimizer.build/Grocery-budget-optimizer.DependencyStaticMetadataFileList --swift-const-vals-list /Users/yevgenylevin/Library/Developer/Xcode/DerivedData/Grocery-budget-optimizer-ahhxmmlzdnqkqsabbhmxfpulbwgx/Build/Intermediates.noindex/Grocery-budget-optimizer.build/Debug-iphonesimulator/Grocery-budget-optimizer.build/Objects-normal/arm64/Grocery-budget-optimizer.SwiftConstValuesFileList --compile-time-extraction --deployment-aware-processing --validate-assistant-intents --no-app-shortcuts-localization
2025-10-03 21:15:55.664 appintentsmetadataprocessor[91121:2246596] Starting appintentsmetadataprocessor export
2025-10-03 21:15:55.666 appintentsmetadataprocessor[91121:2246596] warning: Metadata extraction skipped. No AppIntents.framework dependency found.

CopySwiftLibs /Users/yevgenylevin/Library/Developer/Xcode/DerivedData/Grocery-budget-optimizer-ahhxmmlzdnqkqsabbhmxfpulbwgx/Build/Products/Debug-iphonesimulator/Grocery-budget-optimizer.app (in target 'Grocery-budget-optimizer' from project 'Grocery-budget-optimizer')
    cd /Users/yevgenylevin/Documents/Develop/iOS/Grocery-budget-optimizer
    builtin-swiftStdLibTool --copy --verbose --sign - --scan-executable /Users/yevgenylevin/Library/Developer/Xcode/DerivedData/Grocery-budget-optimizer-ahhxmmlzdnqkqsabbhmxfpulbwgx/Build/Products/Debug-iphonesimulator/Grocery-budget-optimizer.app/Grocery-budget-optimizer.debug.dylib --scan-folder /Users/yevgenylevin/Library/Developer/Xcode/DerivedData/Grocery-budget-optimizer-ahhxmmlzdnqkqsabbhmxfpulbwgx/Build/Products/Debug-iphonesimulator/Grocery-budget-optimizer.app/Frameworks --scan-folder /Users/yevgenylevin/Library/Developer/Xcode/DerivedData/Grocery-budget-optimizer-ahhxmmlzdnqkqsabbhmxfpulbwgx/Build/Products/Debug-iphonesimulator/Grocery-budget-optimizer.app/PlugIns --scan-folder /Users/yevgenylevin/Library/Developer/Xcode/DerivedData/Grocery-budget-optimizer-ahhxmmlzdnqkqsabbhmxfpulbwgx/Build/Products/Debug-iphonesimulator/Grocery-budget-optimizer.app/SystemExtensions --scan-folder /Users/yevgenylevin/Library/Developer/Xcode/DerivedData/Grocery-budget-optimizer-ahhxmmlzdnqkqsabbhmxfpulbwgx/Build/Products/Debug-iphonesimulator/Grocery-budget-optimizer.app/Extensions --platform iphonesimulator --toolchain /Applications/Xcode.app/Contents/Developer/Toolchains/XcodeDefault.xctoolchain --destination /Users/yevgenylevin/Library/Developer/Xcode/DerivedData/Grocery-budget-optimizer-ahhxmmlzdnqkqsabbhmxfpulbwgx/Build/Products/Debug-iphonesimulator/Grocery-budget-optimizer.app/Frameworks --strip-bitcode --strip-bitcode-tool /Applications/Xcode.app/Contents/Developer/Toolchains/XcodeDefault.xctoolchain/usr/bin/bitcode_strip --emit-dependency-info /Users/yevgenylevin/Library/Developer/Xcode/DerivedData/Grocery-budget-optimizer-ahhxmmlzdnqkqsabbhmxfpulbwgx/Build/Intermediates.noindex/Grocery-budget-optimizer.build/Debug-iphonesimulator/Grocery-budget-optimizer.build/SwiftStdLibToolInputDependencies.dep --filter-for-swift-os

ProcessInfoPlistFile /Users/yevgenylevin/Library/Developer/Xcode/DerivedData/Grocery-budget-optimizer-ahhxmmlzdnqkqsabbhmxfpulbwgx/Build/Products/Debug-iphonesimulator/Grocery-budget-optimizer.app/Info.plist /Users/yevgenylevin/Library/Developer/Xcode/DerivedData/Grocery-budget-optimizer-ahhxmmlzdnqkqsabbhmxfpulbwgx/Build/Intermediates.noindex/Grocery-budget-optimizer.build/Debug-iphonesimulator/Grocery-budget-optimizer.build/empty-Grocery-budget-optimizer.plist (in target 'Grocery-budget-optimizer' from project 'Grocery-budget-optimizer')
    cd /Users/yevgenylevin/Documents/Develop/iOS/Grocery-budget-optimizer
    builtin-infoPlistUtility /Users/yevgenylevin/Library/Developer/Xcode/DerivedData/Grocery-budget-optimizer-ahhxmmlzdnqkqsabbhmxfpulbwgx/Build/Intermediates.noindex/Grocery-budget-optimizer.build/Debug-iphonesimulator/Grocery-budget-optimizer.build/empty-Grocery-budget-optimizer.plist -producttype com.apple.product-type.application -genpkginfo /Users/yevgenylevin/Library/Developer/Xcode/DerivedData/Grocery-budget-optimizer-ahhxmmlzdnqkqsabbhmxfpulbwgx/Build/Products/Debug-iphonesimulator/Grocery-budget-optimizer.app/PkgInfo -expandbuildsettings -format binary -platform iphonesimulator -additionalcontentfile /Users/yevgenylevin/Library/Developer/Xcode/DerivedData/Grocery-budget-optimizer-ahhxmmlzdnqkqsabbhmxfpulbwgx/Build/Intermediates.noindex/Grocery-budget-optimizer.build/Debug-iphonesimulator/Grocery-budget-optimizer.build/assetcatalog_generated_info.plist -o /Users/yevgenylevin/Library/Developer/Xcode/DerivedData/Grocery-budget-optimizer-ahhxmmlzdnqkqsabbhmxfpulbwgx/Build/Products/Debug-iphonesimulator/Grocery-budget-optimizer.app/Info.plist

CodeSign /Users/yevgenylevin/Library/Developer/Xcode/DerivedData/Grocery-budget-optimizer-ahhxmmlzdnqkqsabbhmxfpulbwgx/Build/Products/Debug-iphonesimulator/Grocery-budget-optimizer.app/Grocery-budget-optimizer.debug.dylib (in target 'Grocery-budget-optimizer' from project 'Grocery-budget-optimizer')
    cd /Users/yevgenylevin/Documents/Develop/iOS/Grocery-budget-optimizer
    
    Signing Identity:     "Sign to Run Locally"
    
    /usr/bin/codesign --force --sign - --timestamp\=none --generate-entitlement-der /Users/yevgenylevin/Library/Developer/Xcode/DerivedData/Grocery-budget-optimizer-ahhxmmlzdnqkqsabbhmxfpulbwgx/Build/Products/Debug-iphonesimulator/Grocery-budget-optimizer.app/Grocery-budget-optimizer.debug.dylib

CodeSign /Users/yevgenylevin/Library/Developer/Xcode/DerivedData/Grocery-budget-optimizer-ahhxmmlzdnqkqsabbhmxfpulbwgx/Build/Products/Debug-iphonesimulator/Grocery-budget-optimizer.app/__preview.dylib (in target 'Grocery-budget-optimizer' from project 'Grocery-budget-optimizer')
    cd /Users/yevgenylevin/Documents/Develop/iOS/Grocery-budget-optimizer
    
    Signing Identity:     "Sign to Run Locally"
    
    /usr/bin/codesign --force --sign - --timestamp\=none --generate-entitlement-der /Users/yevgenylevin/Library/Developer/Xcode/DerivedData/Grocery-budget-optimizer-ahhxmmlzdnqkqsabbhmxfpulbwgx/Build/Products/Debug-iphonesimulator/Grocery-budget-optimizer.app/__preview.dylib

CodeSign /Users/yevgenylevin/Library/Developer/Xcode/DerivedData/Grocery-budget-optimizer-ahhxmmlzdnqkqsabbhmxfpulbwgx/Build/Products/Debug-iphonesimulator/Grocery-budget-optimizer.app (in target 'Grocery-budget-optimizer' from project 'Grocery-budget-optimizer')
    cd /Users/yevgenylevin/Documents/Develop/iOS/Grocery-budget-optimizer
    
    Signing Identity:     "Sign to Run Locally"
    
    /usr/bin/codesign --force --sign - --timestamp\=none --generate-entitlement-der /Users/yevgenylevin/Library/Developer/Xcode/DerivedData/Grocery-budget-optimizer-ahhxmmlzdnqkqsabbhmxfpulbwgx/Build/Products/Debug-iphonesimulator/Grocery-budget-optimizer.app

Validate /Users/yevgenylevin/Library/Developer/Xcode/DerivedData/Grocery-budget-optimizer-ahhxmmlzdnqkqsabbhmxfpulbwgx/Build/Products/Debug-iphonesimulator/Grocery-budget-optimizer.app (in target 'Grocery-budget-optimizer' from project 'Grocery-budget-optimizer')
    cd /Users/yevgenylevin/Documents/Develop/iOS/Grocery-budget-optimizer
    builtin-validationUtility /Users/yevgenylevin/Library/Developer/Xcode/DerivedData/Grocery-budget-optimizer-ahhxmmlzdnqkqsabbhmxfpulbwgx/Build/Products/Debug-iphonesimulator/Grocery-budget-optimizer.app -shallow-bundle -infoplist-subpath Info.plist

note: Disabling hardened runtime with ad-hoc codesigning. (in target 'Grocery-budget-optimizer' from project 'Grocery-budget-optimizer')
** BUILD SUCCEEDED **

