Command line invocation:
    /Applications/Xcode.app/Contents/Developer/usr/bin/xcodebuild -project Grocery-budget-optimizer.xcodeproj -scheme Grocery-budget-optimizer -destination "platform=iOS Simulator,name=iPhone 17 Pro" clean build

Resolve Package Graph


Resolved source packages:
  CodeScanner: https://github.com/twostraws/CodeScanner @ 2.5.2

2025-10-06 20:13:02.770 xcodebuild[8230:5671486] [MT] IDERunDestination: Supported platforms for the buildables in the current scheme is empty.
CreateBuildRequest

SendProjectDescription

CreateBuildOperation

** CLEAN SUCCEEDED **

ComputePackagePrebuildTargetDependencyGraph

Prepare packages

CreateBuildRequest

SendProjectDescription

CreateBuildOperation

ComputeTargetDependencyGraph
note: Building targets in dependency order
note: Target dependency graph (4 targets)
    Target 'Grocery-budget-optimizer' in project 'Grocery-budget-optimizer'
        ➜ Explicit dependency on target 'CodeScanner' in project 'CodeScanner'
    Target 'CodeScanner' in project 'CodeScanner'
        ➜ Explicit dependency on target 'CodeScanner' in project 'CodeScanner'
        ➜ Explicit dependency on target 'CodeScanner_CodeScanner' in project 'CodeScanner'
    Target 'CodeScanner' in project 'CodeScanner'
        ➜ Explicit dependency on target 'CodeScanner_CodeScanner' in project 'CodeScanner'
    Target 'CodeScanner_CodeScanner' in project 'CodeScanner' (no dependencies)

GatherProvisioningInputs

CreateBuildDescription

ExecuteExternalTool /Applications/Xcode.app/Contents/Developer/Toolchains/XcodeDefault.xctoolchain/usr/bin/clang -v -E -dM -isysroot /Applications/Xcode.app/Contents/Developer/Platforms/iPhoneSimulator.platform/Developer/SDKs/iPhoneSimulator26.0.sdk -x c -c /dev/null

ExecuteExternalTool /Applications/Xcode.app/Contents/Developer/usr/bin/actool --version --output-format xml1

ExecuteExternalTool /Applications/Xcode.app/Contents/Developer/usr/bin/momc --dry-run --action generate --swift-version 5.0 --sdkroot /Applications/Xcode.app/Contents/Developer/Platforms/iPhoneSimulator.platform/Developer/SDKs/iPhoneSimulator26.0.sdk --iphonesimulator-deployment-target 26.0 --module Grocery_budget_optimizer /Users/yevgenylevin/Documents/Develop/iOS/Grocery-budget-optimizer/Grocery-budget-optimizer/Data/CoreData/GroceryBudgetOptimizer.xcdatamodeld /Users/yevgenylevin/Library/Developer/Xcode/DerivedData/Grocery-budget-optimizer-ahhxmmlzdnqkqsabbhmxfpulbwgx/Build/Intermediates.noindex/Grocery-budget-optimizer.build/Debug-iphonesimulator/Grocery-budget-optimizer.build/DerivedSources/CoreDataGenerated/GroceryBudgetOptimizer

ExecuteExternalTool /Applications/Xcode.app/Contents/Developer/usr/bin/actool --print-asset-tag-combinations --output-format xml1 /Users/yevgenylevin/Documents/Develop/iOS/Grocery-budget-optimizer/Grocery-budget-optimizer/Resources/Assets.xcassets

ExecuteExternalTool /Applications/Xcode.app/Contents/Developer/Toolchains/XcodeDefault.xctoolchain/usr/bin/swiftc --version

ExecuteExternalTool /Applications/Xcode.app/Contents/Developer/Toolchains/XcodeDefault.xctoolchain/usr/bin/ld -version_details

Build description signature: e593fa95ef3c89e8c330668b10f9b809
Build description path: /Users/yevgenylevin/Library/Developer/Xcode/DerivedData/Grocery-budget-optimizer-ahhxmmlzdnqkqsabbhmxfpulbwgx/Build/Intermediates.noindex/XCBuildData/e593fa95ef3c89e8c330668b10f9b809.xcbuilddata
ClangStatCache /Applications/Xcode.app/Contents/Developer/Toolchains/XcodeDefault.xctoolchain/usr/bin/clang-stat-cache /Applications/Xcode.app/Contents/Developer/Platforms/iPhoneSimulator.platform/Developer/SDKs/iPhoneSimulator26.0.sdk /Users/yevgenylevin/Library/Developer/Xcode/DerivedData/SDKStatCaches.noindex/iphonesimulator26.0-23A339-26257891a6c027eb51374368541b8346.sdkstatcache
    cd /Users/yevgenylevin/Documents/Develop/iOS/Grocery-budget-optimizer/Grocery-budget-optimizer.xcodeproj
    /Applications/Xcode.app/Contents/Developer/Toolchains/XcodeDefault.xctoolchain/usr/bin/clang-stat-cache /Applications/Xcode.app/Contents/Developer/Platforms/iPhoneSimulator.platform/Developer/SDKs/iPhoneSimulator26.0.sdk -o /Users/yevgenylevin/Library/Developer/Xcode/DerivedData/SDKStatCaches.noindex/iphonesimulator26.0-23A339-26257891a6c027eb51374368541b8346.sdkstatcache

CreateBuildDirectory /Users/yevgenylevin/Library/Developer/Xcode/DerivedData/Grocery-budget-optimizer-ahhxmmlzdnqkqsabbhmxfpulbwgx/Build/Products
    cd /Users/yevgenylevin/Documents/Develop/iOS/Grocery-budget-optimizer/Grocery-budget-optimizer.xcodeproj
    builtin-create-build-directory /Users/yevgenylevin/Library/Developer/Xcode/DerivedData/Grocery-budget-optimizer-ahhxmmlzdnqkqsabbhmxfpulbwgx/Build/Products

CreateBuildDirectory /Users/yevgenylevin/Library/Developer/Xcode/DerivedData/Grocery-budget-optimizer-ahhxmmlzdnqkqsabbhmxfpulbwgx/Build/Intermediates.noindex
    cd /Users/yevgenylevin/Documents/Develop/iOS/Grocery-budget-optimizer/Grocery-budget-optimizer.xcodeproj
    builtin-create-build-directory /Users/yevgenylevin/Library/Developer/Xcode/DerivedData/Grocery-budget-optimizer-ahhxmmlzdnqkqsabbhmxfpulbwgx/Build/Intermediates.noindex

CreateBuildDirectory /Users/yevgenylevin/Library/Developer/Xcode/DerivedData/Grocery-budget-optimizer-ahhxmmlzdnqkqsabbhmxfpulbwgx/Build/Intermediates.noindex/SwiftExplicitPrecompiledModules
    cd /Users/yevgenylevin/Documents/Develop/iOS/Grocery-budget-optimizer/Grocery-budget-optimizer.xcodeproj
    builtin-create-build-directory /Users/yevgenylevin/Library/Developer/Xcode/DerivedData/Grocery-budget-optimizer-ahhxmmlzdnqkqsabbhmxfpulbwgx/Build/Intermediates.noindex/SwiftExplicitPrecompiledModules

CreateBuildDirectory /Users/yevgenylevin/Library/Developer/Xcode/DerivedData/Grocery-budget-optimizer-ahhxmmlzdnqkqsabbhmxfpulbwgx/Build/Intermediates.noindex/ExplicitPrecompiledModules
    cd /Users/yevgenylevin/Documents/Develop/iOS/Grocery-budget-optimizer/Grocery-budget-optimizer.xcodeproj
    builtin-create-build-directory /Users/yevgenylevin/Library/Developer/Xcode/DerivedData/Grocery-budget-optimizer-ahhxmmlzdnqkqsabbhmxfpulbwgx/Build/Intermediates.noindex/ExplicitPrecompiledModules

CreateBuildDirectory /Users/yevgenylevin/Library/Developer/Xcode/DerivedData/Grocery-budget-optimizer-ahhxmmlzdnqkqsabbhmxfpulbwgx/Build/Intermediates.noindex/EagerLinkingTBDs/Debug-iphonesimulator
    cd /Users/yevgenylevin/Documents/Develop/iOS/Grocery-budget-optimizer/Grocery-budget-optimizer.xcodeproj
    builtin-create-build-directory /Users/yevgenylevin/Library/Developer/Xcode/DerivedData/Grocery-budget-optimizer-ahhxmmlzdnqkqsabbhmxfpulbwgx/Build/Intermediates.noindex/EagerLinkingTBDs/Debug-iphonesimulator

WriteAuxiliaryFile /Users/yevgenylevin/Library/Developer/Xcode/DerivedData/Grocery-budget-optimizer-ahhxmmlzdnqkqsabbhmxfpulbwgx/Build/Intermediates.noindex/Grocery-budget-optimizer.build/Debug-iphonesimulator/Grocery-budget-optimizer-4c1b5eea388a89c184336ed2ff2c02b2-VFS-iphonesimulator/all-product-headers.yaml
    cd /Users/yevgenylevin/Documents/Develop/iOS/Grocery-budget-optimizer/Grocery-budget-optimizer.xcodeproj
    write-file /Users/yevgenylevin/Library/Developer/Xcode/DerivedData/Grocery-budget-optimizer-ahhxmmlzdnqkqsabbhmxfpulbwgx/Build/Intermediates.noindex/Grocery-budget-optimizer.build/Debug-iphonesimulator/Grocery-budget-optimizer-4c1b5eea388a89c184336ed2ff2c02b2-VFS-iphonesimulator/all-product-headers.yaml

CreateBuildDirectory /Users/yevgenylevin/Library/Developer/Xcode/DerivedData/Grocery-budget-optimizer-ahhxmmlzdnqkqsabbhmxfpulbwgx/Build/Products/Debug-iphonesimulator
    cd /Users/yevgenylevin/Documents/Develop/iOS/Grocery-budget-optimizer/Grocery-budget-optimizer.xcodeproj
    builtin-create-build-directory /Users/yevgenylevin/Library/Developer/Xcode/DerivedData/Grocery-budget-optimizer-ahhxmmlzdnqkqsabbhmxfpulbwgx/Build/Products/Debug-iphonesimulator

CreateBuildDirectory /Users/yevgenylevin/Library/Developer/Xcode/DerivedData/Grocery-budget-optimizer-ahhxmmlzdnqkqsabbhmxfpulbwgx/Build/Products/Debug-iphonesimulator/PackageFrameworks
    cd /Users/yevgenylevin/Documents/Develop/iOS/Grocery-budget-optimizer/Grocery-budget-optimizer.xcodeproj
    builtin-create-build-directory /Users/yevgenylevin/Library/Developer/Xcode/DerivedData/Grocery-budget-optimizer-ahhxmmlzdnqkqsabbhmxfpulbwgx/Build/Products/Debug-iphonesimulator/PackageFrameworks

WriteAuxiliaryFile /Users/yevgenylevin/Library/Developer/Xcode/DerivedData/Grocery-budget-optimizer-ahhxmmlzdnqkqsabbhmxfpulbwgx/Build/Intermediates.noindex/Grocery-budget-optimizer.build/Debug-iphonesimulator/Grocery-budget-optimizer.build/Objects-normal/arm64/Grocery-budget-optimizer.SwiftConstValuesFileList (in target 'Grocery-budget-optimizer' from project 'Grocery-budget-optimizer')
    cd /Users/yevgenylevin/Documents/Develop/iOS/Grocery-budget-optimizer
    write-file /Users/yevgenylevin/Library/Developer/Xcode/DerivedData/Grocery-budget-optimizer-ahhxmmlzdnqkqsabbhmxfpulbwgx/Build/Intermediates.noindex/Grocery-budget-optimizer.build/Debug-iphonesimulator/Grocery-budget-optimizer.build/Objects-normal/arm64/Grocery-budget-optimizer.SwiftConstValuesFileList

WriteAuxiliaryFile /Users/yevgenylevin/Library/Developer/Xcode/DerivedData/Grocery-budget-optimizer-ahhxmmlzdnqkqsabbhmxfpulbwgx/Build/Intermediates.noindex/Grocery-budget-optimizer.build/Debug-iphonesimulator/Grocery-budget-optimizer.build/Objects-normal/arm64/Grocery-budget-optimizer_const_extract_protocols.json (in target 'Grocery-budget-optimizer' from project 'Grocery-budget-optimizer')
    cd /Users/yevgenylevin/Documents/Develop/iOS/Grocery-budget-optimizer
    write-file /Users/yevgenylevin/Library/Developer/Xcode/DerivedData/Grocery-budget-optimizer-ahhxmmlzdnqkqsabbhmxfpulbwgx/Build/Intermediates.noindex/Grocery-budget-optimizer.build/Debug-iphonesimulator/Grocery-budget-optimizer.build/Objects-normal/arm64/Grocery-budget-optimizer_const_extract_protocols.json

WriteAuxiliaryFile /Users/yevgenylevin/Library/Developer/Xcode/DerivedData/Grocery-budget-optimizer-ahhxmmlzdnqkqsabbhmxfpulbwgx/Build/Intermediates.noindex/Grocery-budget-optimizer.build/Debug-iphonesimulator/Grocery-budget-optimizer.build/Objects-normal/arm64/Grocery-budget-optimizer.LinkFileList (in target 'Grocery-budget-optimizer' from project 'Grocery-budget-optimizer')
    cd /Users/yevgenylevin/Documents/Develop/iOS/Grocery-budget-optimizer
    write-file /Users/yevgenylevin/Library/Developer/Xcode/DerivedData/Grocery-budget-optimizer-ahhxmmlzdnqkqsabbhmxfpulbwgx/Build/Intermediates.noindex/Grocery-budget-optimizer.build/Debug-iphonesimulator/Grocery-budget-optimizer.build/Objects-normal/arm64/Grocery-budget-optimizer.LinkFileList

WriteAuxiliaryFile /Users/yevgenylevin/Library/Developer/Xcode/DerivedData/Grocery-budget-optimizer-ahhxmmlzdnqkqsabbhmxfpulbwgx/Build/Intermediates.noindex/Grocery-budget-optimizer.build/Debug-iphonesimulator/Grocery-budget-optimizer.build/Objects-normal/arm64/Grocery-budget-optimizer.SwiftFileList (in target 'Grocery-budget-optimizer' from project 'Grocery-budget-optimizer')
    cd /Users/yevgenylevin/Documents/Develop/iOS/Grocery-budget-optimizer
    write-file /Users/yevgenylevin/Library/Developer/Xcode/DerivedData/Grocery-budget-optimizer-ahhxmmlzdnqkqsabbhmxfpulbwgx/Build/Intermediates.noindex/Grocery-budget-optimizer.build/Debug-iphonesimulator/Grocery-budget-optimizer.build/Objects-normal/arm64/Grocery-budget-optimizer.SwiftFileList

WriteAuxiliaryFile /Users/yevgenylevin/Library/Developer/Xcode/DerivedData/Grocery-budget-optimizer-ahhxmmlzdnqkqsabbhmxfpulbwgx/Build/Intermediates.noindex/Grocery-budget-optimizer.build/Debug-iphonesimulator/Grocery-budget-optimizer.build/empty-Grocery-budget-optimizer.plist (in target 'Grocery-budget-optimizer' from project 'Grocery-budget-optimizer')
    cd /Users/yevgenylevin/Documents/Develop/iOS/Grocery-budget-optimizer
    write-file /Users/yevgenylevin/Library/Developer/Xcode/DerivedData/Grocery-budget-optimizer-ahhxmmlzdnqkqsabbhmxfpulbwgx/Build/Intermediates.noindex/Grocery-budget-optimizer.build/Debug-iphonesimulator/Grocery-budget-optimizer.build/empty-Grocery-budget-optimizer.plist

WriteAuxiliaryFile /Users/yevgenylevin/Library/Developer/Xcode/DerivedData/Grocery-budget-optimizer-ahhxmmlzdnqkqsabbhmxfpulbwgx/Build/Intermediates.noindex/Grocery-budget-optimizer.build/Debug-iphonesimulator/Grocery-budget-optimizer.build/Grocery-budget-optimizer.hmap (in target 'Grocery-budget-optimizer' from project 'Grocery-budget-optimizer')
    cd /Users/yevgenylevin/Documents/Develop/iOS/Grocery-budget-optimizer
    write-file /Users/yevgenylevin/Library/Developer/Xcode/DerivedData/Grocery-budget-optimizer-ahhxmmlzdnqkqsabbhmxfpulbwgx/Build/Intermediates.noindex/Grocery-budget-optimizer.build/Debug-iphonesimulator/Grocery-budget-optimizer.build/Grocery-budget-optimizer.hmap

WriteAuxiliaryFile /Users/yevgenylevin/Library/Developer/Xcode/DerivedData/Grocery-budget-optimizer-ahhxmmlzdnqkqsabbhmxfpulbwgx/Build/Intermediates.noindex/Grocery-budget-optimizer.build/Debug-iphonesimulator/Grocery-budget-optimizer.build/Objects-normal/arm64/Grocery-budget-optimizer-OutputFileMap.json (in target 'Grocery-budget-optimizer' from project 'Grocery-budget-optimizer')
    cd /Users/yevgenylevin/Documents/Develop/iOS/Grocery-budget-optimizer
    write-file /Users/yevgenylevin/Library/Developer/Xcode/DerivedData/Grocery-budget-optimizer-ahhxmmlzdnqkqsabbhmxfpulbwgx/Build/Intermediates.noindex/Grocery-budget-optimizer.build/Debug-iphonesimulator/Grocery-budget-optimizer.build/Objects-normal/arm64/Grocery-budget-optimizer-OutputFileMap.json

WriteAuxiliaryFile /Users/yevgenylevin/Library/Developer/Xcode/DerivedData/Grocery-budget-optimizer-ahhxmmlzdnqkqsabbhmxfpulbwgx/Build/Intermediates.noindex/Grocery-budget-optimizer.build/Debug-iphonesimulator/Grocery-budget-optimizer.build/Grocery-budget-optimizer.DependencyStaticMetadataFileList (in target 'Grocery-budget-optimizer' from project 'Grocery-budget-optimizer')
    cd /Users/yevgenylevin/Documents/Develop/iOS/Grocery-budget-optimizer
    write-file /Users/yevgenylevin/Library/Developer/Xcode/DerivedData/Grocery-budget-optimizer-ahhxmmlzdnqkqsabbhmxfpulbwgx/Build/Intermediates.noindex/Grocery-budget-optimizer.build/Debug-iphonesimulator/Grocery-budget-optimizer.build/Grocery-budget-optimizer.DependencyStaticMetadataFileList

WriteAuxiliaryFile /Users/yevgenylevin/Library/Developer/Xcode/DerivedData/Grocery-budget-optimizer-ahhxmmlzdnqkqsabbhmxfpulbwgx/Build/Intermediates.noindex/Grocery-budget-optimizer.build/Debug-iphonesimulator/Grocery-budget-optimizer.build/Grocery-budget-optimizer.DependencyMetadataFileList (in target 'Grocery-budget-optimizer' from project 'Grocery-budget-optimizer')
    cd /Users/yevgenylevin/Documents/Develop/iOS/Grocery-budget-optimizer
    write-file /Users/yevgenylevin/Library/Developer/Xcode/DerivedData/Grocery-budget-optimizer-ahhxmmlzdnqkqsabbhmxfpulbwgx/Build/Intermediates.noindex/Grocery-budget-optimizer.build/Debug-iphonesimulator/Grocery-budget-optimizer.build/Grocery-budget-optimizer.DependencyMetadataFileList

WriteAuxiliaryFile /Users/yevgenylevin/Library/Developer/Xcode/DerivedData/Grocery-budget-optimizer-ahhxmmlzdnqkqsabbhmxfpulbwgx/Build/Intermediates.noindex/Grocery-budget-optimizer.build/Debug-iphonesimulator/Grocery-budget-optimizer.build/Grocery-budget-optimizer-project-headers.hmap (in target 'Grocery-budget-optimizer' from project 'Grocery-budget-optimizer')
    cd /Users/yevgenylevin/Documents/Develop/iOS/Grocery-budget-optimizer
    write-file /Users/yevgenylevin/Library/Developer/Xcode/DerivedData/Grocery-budget-optimizer-ahhxmmlzdnqkqsabbhmxfpulbwgx/Build/Intermediates.noindex/Grocery-budget-optimizer.build/Debug-iphonesimulator/Grocery-budget-optimizer.build/Grocery-budget-optimizer-project-headers.hmap

WriteAuxiliaryFile /Users/yevgenylevin/Library/Developer/Xcode/DerivedData/Grocery-budget-optimizer-ahhxmmlzdnqkqsabbhmxfpulbwgx/Build/Intermediates.noindex/Grocery-budget-optimizer.build/Debug-iphonesimulator/Grocery-budget-optimizer.build/Grocery-budget-optimizer-generated-files.hmap (in target 'Grocery-budget-optimizer' from project 'Grocery-budget-optimizer')
    cd /Users/yevgenylevin/Documents/Develop/iOS/Grocery-budget-optimizer
    write-file /Users/yevgenylevin/Library/Developer/Xcode/DerivedData/Grocery-budget-optimizer-ahhxmmlzdnqkqsabbhmxfpulbwgx/Build/Intermediates.noindex/Grocery-budget-optimizer.build/Debug-iphonesimulator/Grocery-budget-optimizer.build/Grocery-budget-optimizer-generated-files.hmap

WriteAuxiliaryFile /Users/yevgenylevin/Library/Developer/Xcode/DerivedData/Grocery-budget-optimizer-ahhxmmlzdnqkqsabbhmxfpulbwgx/Build/Intermediates.noindex/Grocery-budget-optimizer.build/Debug-iphonesimulator/Grocery-budget-optimizer.build/Grocery-budget-optimizer-own-target-headers.hmap (in target 'Grocery-budget-optimizer' from project 'Grocery-budget-optimizer')
    cd /Users/yevgenylevin/Documents/Develop/iOS/Grocery-budget-optimizer
    write-file /Users/yevgenylevin/Library/Developer/Xcode/DerivedData/Grocery-budget-optimizer-ahhxmmlzdnqkqsabbhmxfpulbwgx/Build/Intermediates.noindex/Grocery-budget-optimizer.build/Debug-iphonesimulator/Grocery-budget-optimizer.build/Grocery-budget-optimizer-own-target-headers.hmap

WriteAuxiliaryFile /Users/yevgenylevin/Library/Developer/Xcode/DerivedData/Grocery-budget-optimizer-ahhxmmlzdnqkqsabbhmxfpulbwgx/Build/Intermediates.noindex/Grocery-budget-optimizer.build/Debug-iphonesimulator/Grocery-budget-optimizer.build/Grocery-budget-optimizer-all-target-headers.hmap (in target 'Grocery-budget-optimizer' from project 'Grocery-budget-optimizer')
    cd /Users/yevgenylevin/Documents/Develop/iOS/Grocery-budget-optimizer
    write-file /Users/yevgenylevin/Library/Developer/Xcode/DerivedData/Grocery-budget-optimizer-ahhxmmlzdnqkqsabbhmxfpulbwgx/Build/Intermediates.noindex/Grocery-budget-optimizer.build/Debug-iphonesimulator/Grocery-budget-optimizer.build/Grocery-budget-optimizer-all-target-headers.hmap

WriteAuxiliaryFile /Users/yevgenylevin/Library/Developer/Xcode/DerivedData/Grocery-budget-optimizer-ahhxmmlzdnqkqsabbhmxfpulbwgx/Build/Intermediates.noindex/Grocery-budget-optimizer.build/Debug-iphonesimulator/Grocery-budget-optimizer.build/Grocery-budget-optimizer-all-non-framework-target-headers.hmap (in target 'Grocery-budget-optimizer' from project 'Grocery-budget-optimizer')
    cd /Users/yevgenylevin/Documents/Develop/iOS/Grocery-budget-optimizer
    write-file /Users/yevgenylevin/Library/Developer/Xcode/DerivedData/Grocery-budget-optimizer-ahhxmmlzdnqkqsabbhmxfpulbwgx/Build/Intermediates.noindex/Grocery-budget-optimizer.build/Debug-iphonesimulator/Grocery-budget-optimizer.build/Grocery-budget-optimizer-all-non-framework-target-headers.hmap

WriteAuxiliaryFile /Users/yevgenylevin/Library/Developer/Xcode/DerivedData/Grocery-budget-optimizer-ahhxmmlzdnqkqsabbhmxfpulbwgx/Build/Intermediates.noindex/Grocery-budget-optimizer.build/Debug-iphonesimulator/Grocery-budget-optimizer.build/Grocery-budget-optimizer-DebugDylibPath-normal-arm64.txt (in target 'Grocery-budget-optimizer' from project 'Grocery-budget-optimizer')
    cd /Users/yevgenylevin/Documents/Develop/iOS/Grocery-budget-optimizer
    write-file /Users/yevgenylevin/Library/Developer/Xcode/DerivedData/Grocery-budget-optimizer-ahhxmmlzdnqkqsabbhmxfpulbwgx/Build/Intermediates.noindex/Grocery-budget-optimizer.build/Debug-iphonesimulator/Grocery-budget-optimizer.build/Grocery-budget-optimizer-DebugDylibPath-normal-arm64.txt

WriteAuxiliaryFile /Users/yevgenylevin/Library/Developer/Xcode/DerivedData/Grocery-budget-optimizer-ahhxmmlzdnqkqsabbhmxfpulbwgx/Build/Intermediates.noindex/Grocery-budget-optimizer.build/Debug-iphonesimulator/Grocery-budget-optimizer.build/Grocery-budget-optimizer-DebugDylibInstallName-normal-arm64.txt (in target 'Grocery-budget-optimizer' from project 'Grocery-budget-optimizer')
    cd /Users/yevgenylevin/Documents/Develop/iOS/Grocery-budget-optimizer
    write-file /Users/yevgenylevin/Library/Developer/Xcode/DerivedData/Grocery-budget-optimizer-ahhxmmlzdnqkqsabbhmxfpulbwgx/Build/Intermediates.noindex/Grocery-budget-optimizer.build/Debug-iphonesimulator/Grocery-budget-optimizer.build/Grocery-budget-optimizer-DebugDylibInstallName-normal-arm64.txt

WriteAuxiliaryFile /Users/yevgenylevin/Library/Developer/Xcode/DerivedData/Grocery-budget-optimizer-ahhxmmlzdnqkqsabbhmxfpulbwgx/Build/Intermediates.noindex/Grocery-budget-optimizer.build/Debug-iphonesimulator/Grocery-budget-optimizer.build/DerivedSources/Entitlements-Simulated.plist (in target 'Grocery-budget-optimizer' from project 'Grocery-budget-optimizer')
    cd /Users/yevgenylevin/Documents/Develop/iOS/Grocery-budget-optimizer
    write-file /Users/yevgenylevin/Library/Developer/Xcode/DerivedData/Grocery-budget-optimizer-ahhxmmlzdnqkqsabbhmxfpulbwgx/Build/Intermediates.noindex/Grocery-budget-optimizer.build/Debug-iphonesimulator/Grocery-budget-optimizer.build/DerivedSources/Entitlements-Simulated.plist

WriteAuxiliaryFile /Users/yevgenylevin/Library/Developer/Xcode/DerivedData/Grocery-budget-optimizer-ahhxmmlzdnqkqsabbhmxfpulbwgx/Build/Intermediates.noindex/CodeScanner.build/Debug-iphonesimulator/CodeScanner_CodeScanner.build/CodeScanner_CodeScanner.DependencyStaticMetadataFileList (in target 'CodeScanner_CodeScanner' from project 'CodeScanner')
    cd /Users/yevgenylevin/Library/Developer/Xcode/DerivedData/Grocery-budget-optimizer-ahhxmmlzdnqkqsabbhmxfpulbwgx/SourcePackages/checkouts/CodeScanner
    write-file /Users/yevgenylevin/Library/Developer/Xcode/DerivedData/Grocery-budget-optimizer-ahhxmmlzdnqkqsabbhmxfpulbwgx/Build/Intermediates.noindex/CodeScanner.build/Debug-iphonesimulator/CodeScanner_CodeScanner.build/CodeScanner_CodeScanner.DependencyStaticMetadataFileList

WriteAuxiliaryFile /Users/yevgenylevin/Library/Developer/Xcode/DerivedData/Grocery-budget-optimizer-ahhxmmlzdnqkqsabbhmxfpulbwgx/Build/Intermediates.noindex/CodeScanner.build/Debug-iphonesimulator/CodeScanner_CodeScanner.build/empty-CodeScanner_CodeScanner.plist (in target 'CodeScanner_CodeScanner' from project 'CodeScanner')
    cd /Users/yevgenylevin/Library/Developer/Xcode/DerivedData/Grocery-budget-optimizer-ahhxmmlzdnqkqsabbhmxfpulbwgx/SourcePackages/checkouts/CodeScanner
    write-file /Users/yevgenylevin/Library/Developer/Xcode/DerivedData/Grocery-budget-optimizer-ahhxmmlzdnqkqsabbhmxfpulbwgx/Build/Intermediates.noindex/CodeScanner.build/Debug-iphonesimulator/CodeScanner_CodeScanner.build/empty-CodeScanner_CodeScanner.plist

WriteAuxiliaryFile /Users/yevgenylevin/Library/Developer/Xcode/DerivedData/Grocery-budget-optimizer-ahhxmmlzdnqkqsabbhmxfpulbwgx/Build/Intermediates.noindex/CodeScanner.build/Debug-iphonesimulator/CodeScanner_CodeScanner.build/CodeScanner_CodeScanner.DependencyMetadataFileList (in target 'CodeScanner_CodeScanner' from project 'CodeScanner')
    cd /Users/yevgenylevin/Library/Developer/Xcode/DerivedData/Grocery-budget-optimizer-ahhxmmlzdnqkqsabbhmxfpulbwgx/SourcePackages/checkouts/CodeScanner
    write-file /Users/yevgenylevin/Library/Developer/Xcode/DerivedData/Grocery-budget-optimizer-ahhxmmlzdnqkqsabbhmxfpulbwgx/Build/Intermediates.noindex/CodeScanner.build/Debug-iphonesimulator/CodeScanner_CodeScanner.build/CodeScanner_CodeScanner.DependencyMetadataFileList

WriteAuxiliaryFile /Users/yevgenylevin/Library/Developer/Xcode/DerivedData/Grocery-budget-optimizer-ahhxmmlzdnqkqsabbhmxfpulbwgx/Build/Intermediates.noindex/CodeScanner.build/Debug-iphonesimulator/CodeScanner.build/Objects-normal/arm64/CodeScanner_const_extract_protocols.json (in target 'CodeScanner' from project 'CodeScanner')
    cd /Users/yevgenylevin/Library/Developer/Xcode/DerivedData/Grocery-budget-optimizer-ahhxmmlzdnqkqsabbhmxfpulbwgx/SourcePackages/checkouts/CodeScanner
    write-file /Users/yevgenylevin/Library/Developer/Xcode/DerivedData/Grocery-budget-optimizer-ahhxmmlzdnqkqsabbhmxfpulbwgx/Build/Intermediates.noindex/CodeScanner.build/Debug-iphonesimulator/CodeScanner.build/Objects-normal/arm64/CodeScanner_const_extract_protocols.json

WriteAuxiliaryFile /Users/yevgenylevin/Library/Developer/Xcode/DerivedData/Grocery-budget-optimizer-ahhxmmlzdnqkqsabbhmxfpulbwgx/Build/Intermediates.noindex/CodeScanner.build/Debug-iphonesimulator/CodeScanner.build/Objects-normal/arm64/CodeScanner.SwiftFileList (in target 'CodeScanner' from project 'CodeScanner')
    cd /Users/yevgenylevin/Library/Developer/Xcode/DerivedData/Grocery-budget-optimizer-ahhxmmlzdnqkqsabbhmxfpulbwgx/SourcePackages/checkouts/CodeScanner
    write-file /Users/yevgenylevin/Library/Developer/Xcode/DerivedData/Grocery-budget-optimizer-ahhxmmlzdnqkqsabbhmxfpulbwgx/Build/Intermediates.noindex/CodeScanner.build/Debug-iphonesimulator/CodeScanner.build/Objects-normal/arm64/CodeScanner.SwiftFileList

WriteAuxiliaryFile /Users/yevgenylevin/Library/Developer/Xcode/DerivedData/Grocery-budget-optimizer-ahhxmmlzdnqkqsabbhmxfpulbwgx/Build/Intermediates.noindex/CodeScanner.build/Debug-iphonesimulator/CodeScanner.build/Objects-normal/arm64/CodeScanner.SwiftConstValuesFileList (in target 'CodeScanner' from project 'CodeScanner')
    cd /Users/yevgenylevin/Library/Developer/Xcode/DerivedData/Grocery-budget-optimizer-ahhxmmlzdnqkqsabbhmxfpulbwgx/SourcePackages/checkouts/CodeScanner
    write-file /Users/yevgenylevin/Library/Developer/Xcode/DerivedData/Grocery-budget-optimizer-ahhxmmlzdnqkqsabbhmxfpulbwgx/Build/Intermediates.noindex/CodeScanner.build/Debug-iphonesimulator/CodeScanner.build/Objects-normal/arm64/CodeScanner.SwiftConstValuesFileList

WriteAuxiliaryFile /Users/yevgenylevin/Library/Developer/Xcode/DerivedData/Grocery-budget-optimizer-ahhxmmlzdnqkqsabbhmxfpulbwgx/Build/Intermediates.noindex/CodeScanner.build/Debug-iphonesimulator/CodeScanner.build/Objects-normal/arm64/CodeScanner.LinkFileList (in target 'CodeScanner' from project 'CodeScanner')
    cd /Users/yevgenylevin/Library/Developer/Xcode/DerivedData/Grocery-budget-optimizer-ahhxmmlzdnqkqsabbhmxfpulbwgx/SourcePackages/checkouts/CodeScanner
    write-file /Users/yevgenylevin/Library/Developer/Xcode/DerivedData/Grocery-budget-optimizer-ahhxmmlzdnqkqsabbhmxfpulbwgx/Build/Intermediates.noindex/CodeScanner.build/Debug-iphonesimulator/CodeScanner.build/Objects-normal/arm64/CodeScanner.LinkFileList

WriteAuxiliaryFile /Users/yevgenylevin/Library/Developer/Xcode/DerivedData/Grocery-budget-optimizer-ahhxmmlzdnqkqsabbhmxfpulbwgx/Build/Intermediates.noindex/CodeScanner.build/Debug-iphonesimulator/CodeScanner.build/Objects-normal/arm64/CodeScanner-OutputFileMap.json (in target 'CodeScanner' from project 'CodeScanner')
    cd /Users/yevgenylevin/Library/Developer/Xcode/DerivedData/Grocery-budget-optimizer-ahhxmmlzdnqkqsabbhmxfpulbwgx/SourcePackages/checkouts/CodeScanner
    write-file /Users/yevgenylevin/Library/Developer/Xcode/DerivedData/Grocery-budget-optimizer-ahhxmmlzdnqkqsabbhmxfpulbwgx/Build/Intermediates.noindex/CodeScanner.build/Debug-iphonesimulator/CodeScanner.build/Objects-normal/arm64/CodeScanner-OutputFileMap.json

WriteAuxiliaryFile /Users/yevgenylevin/Library/Developer/Xcode/DerivedData/Grocery-budget-optimizer-ahhxmmlzdnqkqsabbhmxfpulbwgx/Build/Intermediates.noindex/CodeScanner.build/Debug-iphonesimulator/CodeScanner.build/DerivedSources/resource_bundle_accessor.swift (in target 'CodeScanner' from project 'CodeScanner')
    cd /Users/yevgenylevin/Library/Developer/Xcode/DerivedData/Grocery-budget-optimizer-ahhxmmlzdnqkqsabbhmxfpulbwgx/SourcePackages/checkouts/CodeScanner
    write-file /Users/yevgenylevin/Library/Developer/Xcode/DerivedData/Grocery-budget-optimizer-ahhxmmlzdnqkqsabbhmxfpulbwgx/Build/Intermediates.noindex/CodeScanner.build/Debug-iphonesimulator/CodeScanner.build/DerivedSources/resource_bundle_accessor.swift

WriteAuxiliaryFile /Users/yevgenylevin/Library/Developer/Xcode/DerivedData/Grocery-budget-optimizer-ahhxmmlzdnqkqsabbhmxfpulbwgx/Build/Intermediates.noindex/CodeScanner.build/Debug-iphonesimulator/CodeScanner.build/CodeScanner.modulemap (in target 'CodeScanner' from project 'CodeScanner')
    cd /Users/yevgenylevin/Library/Developer/Xcode/DerivedData/Grocery-budget-optimizer-ahhxmmlzdnqkqsabbhmxfpulbwgx/SourcePackages/checkouts/CodeScanner
    write-file /Users/yevgenylevin/Library/Developer/Xcode/DerivedData/Grocery-budget-optimizer-ahhxmmlzdnqkqsabbhmxfpulbwgx/Build/Intermediates.noindex/CodeScanner.build/Debug-iphonesimulator/CodeScanner.build/CodeScanner.modulemap

WriteAuxiliaryFile /Users/yevgenylevin/Library/Developer/Xcode/DerivedData/Grocery-budget-optimizer-ahhxmmlzdnqkqsabbhmxfpulbwgx/Build/Intermediates.noindex/CodeScanner.build/Debug-iphonesimulator/CodeScanner.build/CodeScanner.DependencyStaticMetadataFileList (in target 'CodeScanner' from project 'CodeScanner')
    cd /Users/yevgenylevin/Library/Developer/Xcode/DerivedData/Grocery-budget-optimizer-ahhxmmlzdnqkqsabbhmxfpulbwgx/SourcePackages/checkouts/CodeScanner
    write-file /Users/yevgenylevin/Library/Developer/Xcode/DerivedData/Grocery-budget-optimizer-ahhxmmlzdnqkqsabbhmxfpulbwgx/Build/Intermediates.noindex/CodeScanner.build/Debug-iphonesimulator/CodeScanner.build/CodeScanner.DependencyStaticMetadataFileList

WriteAuxiliaryFile /Users/yevgenylevin/Library/Developer/Xcode/DerivedData/Grocery-budget-optimizer-ahhxmmlzdnqkqsabbhmxfpulbwgx/Build/Intermediates.noindex/CodeScanner.build/Debug-iphonesimulator/CodeScanner.build/CodeScanner.DependencyMetadataFileList (in target 'CodeScanner' from project 'CodeScanner')
    cd /Users/yevgenylevin/Library/Developer/Xcode/DerivedData/Grocery-budget-optimizer-ahhxmmlzdnqkqsabbhmxfpulbwgx/SourcePackages/checkouts/CodeScanner
    write-file /Users/yevgenylevin/Library/Developer/Xcode/DerivedData/Grocery-budget-optimizer-ahhxmmlzdnqkqsabbhmxfpulbwgx/Build/Intermediates.noindex/CodeScanner.build/Debug-iphonesimulator/CodeScanner.build/CodeScanner.DependencyMetadataFileList

MkDir /Users/yevgenylevin/Library/Developer/Xcode/DerivedData/Grocery-budget-optimizer-ahhxmmlzdnqkqsabbhmxfpulbwgx/Build/Products/Debug-iphonesimulator/Grocery-budget-optimizer.app (in target 'Grocery-budget-optimizer' from project 'Grocery-budget-optimizer')
    cd /Users/yevgenylevin/Documents/Develop/iOS/Grocery-budget-optimizer
    /bin/mkdir -p /Users/yevgenylevin/Library/Developer/Xcode/DerivedData/Grocery-budget-optimizer-ahhxmmlzdnqkqsabbhmxfpulbwgx/Build/Products/Debug-iphonesimulator/Grocery-budget-optimizer.app

MkDir /Users/yevgenylevin/Library/Developer/Xcode/DerivedData/Grocery-budget-optimizer-ahhxmmlzdnqkqsabbhmxfpulbwgx/Build/Products/Debug-iphonesimulator/CodeScanner_CodeScanner.bundle (in target 'CodeScanner_CodeScanner' from project 'CodeScanner')
    cd /Users/yevgenylevin/Library/Developer/Xcode/DerivedData/Grocery-budget-optimizer-ahhxmmlzdnqkqsabbhmxfpulbwgx/SourcePackages/checkouts/CodeScanner
    /bin/mkdir -p /Users/yevgenylevin/Library/Developer/Xcode/DerivedData/Grocery-budget-optimizer-ahhxmmlzdnqkqsabbhmxfpulbwgx/Build/Products/Debug-iphonesimulator/CodeScanner_CodeScanner.bundle

Copy /Users/yevgenylevin/Library/Developer/Xcode/DerivedData/Grocery-budget-optimizer-ahhxmmlzdnqkqsabbhmxfpulbwgx/Build/Intermediates.noindex/GeneratedModuleMaps-iphonesimulator/CodeScanner.modulemap /Users/yevgenylevin/Library/Developer/Xcode/DerivedData/Grocery-budget-optimizer-ahhxmmlzdnqkqsabbhmxfpulbwgx/Build/Intermediates.noindex/CodeScanner.build/Debug-iphonesimulator/CodeScanner.build/CodeScanner.modulemap (in target 'CodeScanner' from project 'CodeScanner')
    cd /Users/yevgenylevin/Library/Developer/Xcode/DerivedData/Grocery-budget-optimizer-ahhxmmlzdnqkqsabbhmxfpulbwgx/SourcePackages/checkouts/CodeScanner
    builtin-copy -exclude .DS_Store -exclude CVS -exclude .svn -exclude .git -exclude .hg -resolve-src-symlinks /Users/yevgenylevin/Library/Developer/Xcode/DerivedData/Grocery-budget-optimizer-ahhxmmlzdnqkqsabbhmxfpulbwgx/Build/Intermediates.noindex/CodeScanner.build/Debug-iphonesimulator/CodeScanner.build/CodeScanner.modulemap /Users/yevgenylevin/Library/Developer/Xcode/DerivedData/Grocery-budget-optimizer-ahhxmmlzdnqkqsabbhmxfpulbwgx/Build/Intermediates.noindex/GeneratedModuleMaps-iphonesimulator

MkDir /Users/yevgenylevin/Library/Developer/Xcode/DerivedData/Grocery-budget-optimizer-ahhxmmlzdnqkqsabbhmxfpulbwgx/Build/Intermediates.noindex/CodeScanner.build/Debug-iphonesimulator/CodeScanner_CodeScanner.build/assetcatalog_output/thinned (in target 'CodeScanner_CodeScanner' from project 'CodeScanner')
    cd /Users/yevgenylevin/Library/Developer/Xcode/DerivedData/Grocery-budget-optimizer-ahhxmmlzdnqkqsabbhmxfpulbwgx/SourcePackages/checkouts/CodeScanner
    /bin/mkdir -p /Users/yevgenylevin/Library/Developer/Xcode/DerivedData/Grocery-budget-optimizer-ahhxmmlzdnqkqsabbhmxfpulbwgx/Build/Intermediates.noindex/CodeScanner.build/Debug-iphonesimulator/CodeScanner_CodeScanner.build/assetcatalog_output/thinned

MkDir /Users/yevgenylevin/Library/Developer/Xcode/DerivedData/Grocery-budget-optimizer-ahhxmmlzdnqkqsabbhmxfpulbwgx/Build/Intermediates.noindex/CodeScanner.build/Debug-iphonesimulator/CodeScanner_CodeScanner.build/assetcatalog_output/unthinned (in target 'CodeScanner_CodeScanner' from project 'CodeScanner')
    cd /Users/yevgenylevin/Library/Developer/Xcode/DerivedData/Grocery-budget-optimizer-ahhxmmlzdnqkqsabbhmxfpulbwgx/SourcePackages/checkouts/CodeScanner
    /bin/mkdir -p /Users/yevgenylevin/Library/Developer/Xcode/DerivedData/Grocery-budget-optimizer-ahhxmmlzdnqkqsabbhmxfpulbwgx/Build/Intermediates.noindex/CodeScanner.build/Debug-iphonesimulator/CodeScanner_CodeScanner.build/assetcatalog_output/unthinned

CompileAssetCatalogVariant thinned /Users/yevgenylevin/Library/Developer/Xcode/DerivedData/Grocery-budget-optimizer-ahhxmmlzdnqkqsabbhmxfpulbwgx/Build/Products/Debug-iphonesimulator/CodeScanner_CodeScanner.bundle /Users/yevgenylevin/Library/Developer/Xcode/DerivedData/Grocery-budget-optimizer-ahhxmmlzdnqkqsabbhmxfpulbwgx/SourcePackages/checkouts/CodeScanner/Sources/CodeScanner/Resources/Assets.xcassets (in target 'CodeScanner_CodeScanner' from project 'CodeScanner')
    cd /Users/yevgenylevin/Library/Developer/Xcode/DerivedData/Grocery-budget-optimizer-ahhxmmlzdnqkqsabbhmxfpulbwgx/SourcePackages/checkouts/CodeScanner
    /Applications/Xcode.app/Contents/Developer/usr/bin/actool /Users/yevgenylevin/Library/Developer/Xcode/DerivedData/Grocery-budget-optimizer-ahhxmmlzdnqkqsabbhmxfpulbwgx/SourcePackages/checkouts/CodeScanner/Sources/CodeScanner/Resources/Assets.xcassets --compile /Users/yevgenylevin/Library/Developer/Xcode/DerivedData/Grocery-budget-optimizer-ahhxmmlzdnqkqsabbhmxfpulbwgx/Build/Intermediates.noindex/CodeScanner.build/Debug-iphonesimulator/CodeScanner_CodeScanner.build/assetcatalog_output/thinned --output-format human-readable-text --notices --warnings --export-dependency-info /Users/yevgenylevin/Library/Developer/Xcode/DerivedData/Grocery-budget-optimizer-ahhxmmlzdnqkqsabbhmxfpulbwgx/Build/Intermediates.noindex/CodeScanner.build/Debug-iphonesimulator/CodeScanner_CodeScanner.build/assetcatalog_dependencies_thinned --output-partial-info-plist /Users/yevgenylevin/Library/Developer/Xcode/DerivedData/Grocery-budget-optimizer-ahhxmmlzdnqkqsabbhmxfpulbwgx/Build/Intermediates.noindex/CodeScanner.build/Debug-iphonesimulator/CodeScanner_CodeScanner.build/assetcatalog_generated_info.plist_thinned --compress-pngs --enable-on-demand-resources NO --filter-for-thinning-device-configuration iPhone18,1 --filter-for-device-os-version 26.0 --development-region en --target-device iphone --target-device ipad --minimum-deployment-target 13.0 --platform iphonesimulator
/Users/yevgenylevin/Documents/Develop/iOS/Grocery-budget-optimizer/Grocery-budget-optimizer/Presentation/Screens/Items/ItemsView.swift:17:9: error: expected 'func' keyword in instance method declaration
        NavigationStack {
        ^
        func 
/Users/yevgenylevin/Documents/Develop/iOS/Grocery-budget-optimizer/Grocery-budget-optimizer/Presentation/Screens/Items/ItemsView.swift:17:25: error: expected '(' in argument list of function declaration
        NavigationStack {
                        ^
                       ()
/Users/yevgenylevin/Documents/Develop/iOS/Grocery-budget-optimizer/Grocery-budget-optimizer/Presentation/Screens/Items/ItemsView.swift:108:1: error: extraneous '}' at top level
}
^

GenerateAssetSymbols /Users/yevgenylevin/Library/Developer/Xcode/DerivedData/Grocery-budget-optimizer-ahhxmmlzdnqkqsabbhmxfpulbwgx/SourcePackages/checkouts/CodeScanner/Sources/CodeScanner/Resources/Assets.xcassets (in target 'CodeScanner' from project 'CodeScanner')
    cd /Users/yevgenylevin/Library/Developer/Xcode/DerivedData/Grocery-budget-optimizer-ahhxmmlzdnqkqsabbhmxfpulbwgx/SourcePackages/checkouts/CodeScanner
    /Applications/Xcode.app/Contents/Developer/usr/bin/actool /Users/yevgenylevin/Library/Developer/Xcode/DerivedData/Grocery-budget-optimizer-ahhxmmlzdnqkqsabbhmxfpulbwgx/SourcePackages/checkouts/CodeScanner/Sources/CodeScanner/Resources/Assets.xcassets --compile /Users/yevgenylevin/Library/Developer/Xcode/DerivedData/Grocery-budget-optimizer-ahhxmmlzdnqkqsabbhmxfpulbwgx/Build/Products/Debug-iphonesimulator --output-format human-readable-text --notices --warnings --export-dependency-info /Users/yevgenylevin/Library/Developer/Xcode/DerivedData/Grocery-budget-optimizer-ahhxmmlzdnqkqsabbhmxfpulbwgx/Build/Intermediates.noindex/CodeScanner.build/Debug-iphonesimulator/CodeScanner.build/assetcatalog_dependencies --output-partial-info-plist /Users/yevgenylevin/Library/Developer/Xcode/DerivedData/Grocery-budget-optimizer-ahhxmmlzdnqkqsabbhmxfpulbwgx/Build/Intermediates.noindex/CodeScanner.build/Debug-iphonesimulator/CodeScanner.build/assetcatalog_generated_info.plist --compress-pngs --enable-on-demand-resources NO --development-region en --target-device iphone --target-device ipad --minimum-deployment-target 13.0 --platform iphonesimulator --bundle-identifier codescanner.CodeScanner --generate-swift-asset-symbol-extensions NO --generate-swift-asset-symbols /Users/yevgenylevin/Library/Developer/Xcode/DerivedData/Grocery-budget-optimizer-ahhxmmlzdnqkqsabbhmxfpulbwgx/Build/Intermediates.noindex/CodeScanner.build/Debug-iphonesimulator/CodeScanner.build/DerivedSources/GeneratedAssetSymbols.swift --generate-objc-asset-symbols /Users/yevgenylevin/Library/Developer/Xcode/DerivedData/Grocery-budget-optimizer-ahhxmmlzdnqkqsabbhmxfpulbwgx/Build/Intermediates.noindex/CodeScanner.build/Debug-iphonesimulator/CodeScanner.build/DerivedSources/GeneratedAssetSymbols.h --generate-asset-symbol-index /Users/yevgenylevin/Library/Developer/Xcode/DerivedData/Grocery-budget-optimizer-ahhxmmlzdnqkqsabbhmxfpulbwgx/Build/Intermediates.noindex/CodeScanner.build/Debug-iphonesimulator/CodeScanner.build/DerivedSources/GeneratedAssetSymbols-Index.plist
/* com.apple.actool.compilation-results */
/Users/yevgenylevin/Library/Developer/Xcode/DerivedData/Grocery-budget-optimizer-ahhxmmlzdnqkqsabbhmxfpulbwgx/Build/Intermediates.noindex/CodeScanner.build/Debug-iphonesimulator/CodeScanner.build/DerivedSources/GeneratedAssetSymbols-Index.plist
/Users/yevgenylevin/Library/Developer/Xcode/DerivedData/Grocery-budget-optimizer-ahhxmmlzdnqkqsabbhmxfpulbwgx/Build/Intermediates.noindex/CodeScanner.build/Debug-iphonesimulator/CodeScanner.build/DerivedSources/GeneratedAssetSymbols.h
/Users/yevgenylevin/Library/Developer/Xcode/DerivedData/Grocery-budget-optimizer-ahhxmmlzdnqkqsabbhmxfpulbwgx/Build/Intermediates.noindex/CodeScanner.build/Debug-iphonesimulator/CodeScanner.build/DerivedSources/GeneratedAssetSymbols.swift


SwiftDriver CodeScanner normal arm64 com.apple.xcode.tools.swift.compiler (in target 'CodeScanner' from project 'CodeScanner')
    cd /Users/yevgenylevin/Documents/Develop/iOS/Grocery-budget-optimizer/Grocery-budget-optimizer.xcodeproj
    builtin-SwiftDriver -- /Applications/Xcode.app/Contents/Developer/Toolchains/XcodeDefault.xctoolchain/usr/bin/swiftc -module-name CodeScanner -Onone -enforce-exclusivity\=checked @/Users/yevgenylevin/Library/Developer/Xcode/DerivedData/Grocery-budget-optimizer-ahhxmmlzdnqkqsabbhmxfpulbwgx/Build/Intermediates.noindex/CodeScanner.build/Debug-iphonesimulator/CodeScanner.build/Objects-normal/arm64/CodeScanner.SwiftFileList -DSWIFT_PACKAGE -DDEBUG -DSWIFT_MODULE_RESOURCE_BUNDLE_AVAILABLE -DXcode -plugin-path /Applications/Xcode.app/Contents/Developer/Toolchains/XcodeDefault.xctoolchain/usr/lib/swift/host/plugins/testing -enable-experimental-feature DebugDescriptionMacro -sdk /Applications/Xcode.app/Contents/Developer/Platforms/iPhoneSimulator.platform/Developer/SDKs/iPhoneSimulator26.0.sdk -target arm64-apple-ios13.0-simulator -g -module-cache-path /Users/yevgenylevin/Library/Developer/Xcode/DerivedData/ModuleCache.noindex -Xfrontend -serialize-debugging-options -profile-coverage-mapping -profile-generate -enable-testing -suppress-warnings -index-store-path /Users/yevgenylevin/Library/Developer/Xcode/DerivedData/Grocery-budget-optimizer-ahhxmmlzdnqkqsabbhmxfpulbwgx/Index.noindex/DataStore -Xcc -D_LIBCPP_HARDENING_MODE\=_LIBCPP_HARDENING_MODE_DEBUG -swift-version 5 -I /Users/yevgenylevin/Library/Developer/Xcode/DerivedData/Grocery-budget-optimizer-ahhxmmlzdnqkqsabbhmxfpulbwgx/Build/Products/Debug-iphonesimulator -Isystem /Applications/Xcode.app/Contents/Developer/Platforms/iPhoneSimulator.platform/Developer/usr/lib -F /Users/yevgenylevin/Library/Developer/Xcode/DerivedData/Grocery-budget-optimizer-ahhxmmlzdnqkqsabbhmxfpulbwgx/Build/Products/Debug-iphonesimulator -F /Applications/Xcode.app/Contents/Developer/Platforms/iPhoneSimulator.platform/Developer/Library/Frameworks -F /Applications/Xcode.app/Contents/Developer/Platforms/iPhoneSimulator.platform/Developer/SDKs/iPhoneSimulator26.0.sdk/Developer/Library/Frameworks -c -j10 -enable-batch-mode -incremental -Xcc -ivfsstatcache -Xcc /Users/yevgenylevin/Library/Developer/Xcode/DerivedData/SDKStatCaches.noindex/iphonesimulator26.0-23A339-26257891a6c027eb51374368541b8346.sdkstatcache -output-file-map /Users/yevgenylevin/Library/Developer/Xcode/DerivedData/Grocery-budget-optimizer-ahhxmmlzdnqkqsabbhmxfpulbwgx/Build/Intermediates.noindex/CodeScanner.build/Debug-iphonesimulator/CodeScanner.build/Objects-normal/arm64/CodeScanner-OutputFileMap.json -use-frontend-parseable-output -save-temps -no-color-diagnostics -explicit-module-build -module-cache-path /Users/yevgenylevin/Library/Developer/Xcode/DerivedData/Grocery-budget-optimizer-ahhxmmlzdnqkqsabbhmxfpulbwgx/Build/Intermediates.noindex/SwiftExplicitPrecompiledModules -clang-scanner-module-cache-path /Users/yevgenylevin/Library/Developer/Xcode/DerivedData/ModuleCache.noindex -sdk-module-cache-path /Users/yevgenylevin/Library/Developer/Xcode/DerivedData/ModuleCache.noindex -serialize-diagnostics -emit-dependencies -emit-module -emit-module-path /Users/yevgenylevin/Library/Developer/Xcode/DerivedData/Grocery-budget-optimizer-ahhxmmlzdnqkqsabbhmxfpulbwgx/Build/Intermediates.noindex/CodeScanner.build/Debug-iphonesimulator/CodeScanner.build/Objects-normal/arm64/CodeScanner.swiftmodule -validate-clang-modules-once -clang-build-session-file /Users/yevgenylevin/Library/Developer/Xcode/DerivedData/ModuleCache.noindex/Session.modulevalidation -package-name codescanner -Xcc -I/Users/yevgenylevin/Library/Developer/Xcode/DerivedData/Grocery-budget-optimizer-ahhxmmlzdnqkqsabbhmxfpulbwgx/Build/Intermediates.noindex/CodeScanner.build/Debug-iphonesimulator/CodeScanner.build/swift-overrides.hmap -emit-const-values -Xfrontend -const-gather-protocols-file -Xfrontend /Users/yevgenylevin/Library/Developer/Xcode/DerivedData/Grocery-budget-optimizer-ahhxmmlzdnqkqsabbhmxfpulbwgx/Build/Intermediates.noindex/CodeScanner.build/Debug-iphonesimulator/CodeScanner.build/Objects-normal/arm64/CodeScanner_const_extract_protocols.json -Xcc -I/Users/yevgenylevin/Library/Developer/Xcode/DerivedData/Grocery-budget-optimizer-ahhxmmlzdnqkqsabbhmxfpulbwgx/Build/Products/Debug-iphonesimulator/include -Xcc -I/Users/yevgenylevin/Library/Developer/Xcode/DerivedData/Grocery-budget-optimizer-ahhxmmlzdnqkqsabbhmxfpulbwgx/Build/Intermediates.noindex/CodeScanner.build/Debug-iphonesimulator/CodeScanner.build/DerivedSources-normal/arm64 -Xcc -I/Users/yevgenylevin/Library/Developer/Xcode/DerivedData/Grocery-budget-optimizer-ahhxmmlzdnqkqsabbhmxfpulbwgx/Build/Intermediates.noindex/CodeScanner.build/Debug-iphonesimulator/CodeScanner.build/DerivedSources/arm64 -Xcc -I/Users/yevgenylevin/Library/Developer/Xcode/DerivedData/Grocery-budget-optimizer-ahhxmmlzdnqkqsabbhmxfpulbwgx/Build/Intermediates.noindex/CodeScanner.build/Debug-iphonesimulator/CodeScanner.build/DerivedSources -Xcc -DSWIFT_PACKAGE -Xcc -DDEBUG\=1 -emit-objc-header -emit-objc-header-path /Users/yevgenylevin/Library/Developer/Xcode/DerivedData/Grocery-budget-optimizer-ahhxmmlzdnqkqsabbhmxfpulbwgx/Build/Intermediates.noindex/CodeScanner.build/Debug-iphonesimulator/CodeScanner.build/Objects-normal/arm64/CodeScanner-Swift.h -working-directory /Users/yevgenylevin/Documents/Develop/iOS/Grocery-budget-optimizer/Grocery-budget-optimizer.xcodeproj -experimental-emit-module-separately -disable-cmo

SwiftCompile normal arm64 Compiling\ CodeScanner.swift /Users/yevgenylevin/Library/Developer/Xcode/DerivedData/Grocery-budget-optimizer-ahhxmmlzdnqkqsabbhmxfpulbwgx/SourcePackages/checkouts/CodeScanner/Sources/CodeScanner/CodeScanner.swift (in target 'CodeScanner' from project 'CodeScanner')

SwiftCompile normal arm64 /Users/yevgenylevin/Library/Developer/Xcode/DerivedData/Grocery-budget-optimizer-ahhxmmlzdnqkqsabbhmxfpulbwgx/SourcePackages/checkouts/CodeScanner/Sources/CodeScanner/CodeScanner.swift (in target 'CodeScanner' from project 'CodeScanner')
    cd /Users/yevgenylevin/Documents/Develop/iOS/Grocery-budget-optimizer/Grocery-budget-optimizer.xcodeproj
    

SwiftEmitModule normal arm64 Emitting\ module\ for\ CodeScanner (in target 'CodeScanner' from project 'CodeScanner')

EmitSwiftModule normal arm64 (in target 'CodeScanner' from project 'CodeScanner')
    cd /Users/yevgenylevin/Documents/Develop/iOS/Grocery-budget-optimizer/Grocery-budget-optimizer.xcodeproj
    

SwiftCompile normal arm64 Compiling\ resource_bundle_accessor.swift /Users/yevgenylevin/Library/Developer/Xcode/DerivedData/Grocery-budget-optimizer-ahhxmmlzdnqkqsabbhmxfpulbwgx/Build/Intermediates.noindex/CodeScanner.build/Debug-iphonesimulator/CodeScanner.build/DerivedSources/resource_bundle_accessor.swift (in target 'CodeScanner' from project 'CodeScanner')

SwiftCompile normal arm64 /Users/yevgenylevin/Library/Developer/Xcode/DerivedData/Grocery-budget-optimizer-ahhxmmlzdnqkqsabbhmxfpulbwgx/Build/Intermediates.noindex/CodeScanner.build/Debug-iphonesimulator/CodeScanner.build/DerivedSources/resource_bundle_accessor.swift (in target 'CodeScanner' from project 'CodeScanner')
    cd /Users/yevgenylevin/Documents/Develop/iOS/Grocery-budget-optimizer/Grocery-budget-optimizer.xcodeproj
    

SwiftCompile normal arm64 Compiling\ AVCaptureDevice+bestForBuiltInCamera.swift /Users/yevgenylevin/Library/Developer/Xcode/DerivedData/Grocery-budget-optimizer-ahhxmmlzdnqkqsabbhmxfpulbwgx/SourcePackages/checkouts/CodeScanner/Sources/CodeScanner/AVCaptureDevice+bestForBuiltInCamera.swift (in target 'CodeScanner' from project 'CodeScanner')

SwiftCompile normal arm64 /Users/yevgenylevin/Library/Developer/Xcode/DerivedData/Grocery-budget-optimizer-ahhxmmlzdnqkqsabbhmxfpulbwgx/SourcePackages/checkouts/CodeScanner/Sources/CodeScanner/AVCaptureDevice+bestForBuiltInCamera.swift (in target 'CodeScanner' from project 'CodeScanner')
    cd /Users/yevgenylevin/Documents/Develop/iOS/Grocery-budget-optimizer/Grocery-budget-optimizer.xcodeproj
    

SwiftCompile normal arm64 Compiling\ GeneratedAssetSymbols.swift /Users/yevgenylevin/Library/Developer/Xcode/DerivedData/Grocery-budget-optimizer-ahhxmmlzdnqkqsabbhmxfpulbwgx/Build/Intermediates.noindex/CodeScanner.build/Debug-iphonesimulator/CodeScanner.build/DerivedSources/GeneratedAssetSymbols.swift (in target 'CodeScanner' from project 'CodeScanner')

SwiftCompile normal arm64 /Users/yevgenylevin/Library/Developer/Xcode/DerivedData/Grocery-budget-optimizer-ahhxmmlzdnqkqsabbhmxfpulbwgx/Build/Intermediates.noindex/CodeScanner.build/Debug-iphonesimulator/CodeScanner.build/DerivedSources/GeneratedAssetSymbols.swift (in target 'CodeScanner' from project 'CodeScanner')
    cd /Users/yevgenylevin/Documents/Develop/iOS/Grocery-budget-optimizer/Grocery-budget-optimizer.xcodeproj
    

SwiftCompile normal arm64 Compiling\ ScannerViewController.swift /Users/yevgenylevin/Library/Developer/Xcode/DerivedData/Grocery-budget-optimizer-ahhxmmlzdnqkqsabbhmxfpulbwgx/SourcePackages/checkouts/CodeScanner/Sources/CodeScanner/ScannerViewController.swift (in target 'CodeScanner' from project 'CodeScanner')

SwiftCompile normal arm64 /Users/yevgenylevin/Library/Developer/Xcode/DerivedData/Grocery-budget-optimizer-ahhxmmlzdnqkqsabbhmxfpulbwgx/SourcePackages/checkouts/CodeScanner/Sources/CodeScanner/ScannerViewController.swift (in target 'CodeScanner' from project 'CodeScanner')
    cd /Users/yevgenylevin/Documents/Develop/iOS/Grocery-budget-optimizer/Grocery-budget-optimizer.xcodeproj
    

SwiftDriverJobDiscovery normal arm64 Emitting module for CodeScanner (in target 'CodeScanner' from project 'CodeScanner')

SwiftDriver\ Compilation\ Requirements CodeScanner normal arm64 com.apple.xcode.tools.swift.compiler (in target 'CodeScanner' from project 'CodeScanner')
    cd /Users/yevgenylevin/Documents/Develop/iOS/Grocery-budget-optimizer/Grocery-budget-optimizer.xcodeproj
    builtin-Swift-Compilation-Requirements -- /Applications/Xcode.app/Contents/Developer/Toolchains/XcodeDefault.xctoolchain/usr/bin/swiftc -module-name CodeScanner -Onone -enforce-exclusivity\=checked @/Users/yevgenylevin/Library/Developer/Xcode/DerivedData/Grocery-budget-optimizer-ahhxmmlzdnqkqsabbhmxfpulbwgx/Build/Intermediates.noindex/CodeScanner.build/Debug-iphonesimulator/CodeScanner.build/Objects-normal/arm64/CodeScanner.SwiftFileList -DSWIFT_PACKAGE -DDEBUG -DSWIFT_MODULE_RESOURCE_BUNDLE_AVAILABLE -DXcode -plugin-path /Applications/Xcode.app/Contents/Developer/Toolchains/XcodeDefault.xctoolchain/usr/lib/swift/host/plugins/testing -enable-experimental-feature DebugDescriptionMacro -sdk /Applications/Xcode.app/Contents/Developer/Platforms/iPhoneSimulator.platform/Developer/SDKs/iPhoneSimulator26.0.sdk -target arm64-apple-ios13.0-simulator -g -module-cache-path /Users/yevgenylevin/Library/Developer/Xcode/DerivedData/ModuleCache.noindex -Xfrontend -serialize-debugging-options -profile-coverage-mapping -profile-generate -enable-testing -suppress-warnings -index-store-path /Users/yevgenylevin/Library/Developer/Xcode/DerivedData/Grocery-budget-optimizer-ahhxmmlzdnqkqsabbhmxfpulbwgx/Index.noindex/DataStore -Xcc -D_LIBCPP_HARDENING_MODE\=_LIBCPP_HARDENING_MODE_DEBUG -swift-version 5 -I /Users/yevgenylevin/Library/Developer/Xcode/DerivedData/Grocery-budget-optimizer-ahhxmmlzdnqkqsabbhmxfpulbwgx/Build/Products/Debug-iphonesimulator -Isystem /Applications/Xcode.app/Contents/Developer/Platforms/iPhoneSimulator.platform/Developer/usr/lib -F /Users/yevgenylevin/Library/Developer/Xcode/DerivedData/Grocery-budget-optimizer-ahhxmmlzdnqkqsabbhmxfpulbwgx/Build/Products/Debug-iphonesimulator -F /Applications/Xcode.app/Contents/Developer/Platforms/iPhoneSimulator.platform/Developer/Library/Frameworks -F /Applications/Xcode.app/Contents/Developer/Platforms/iPhoneSimulator.platform/Developer/SDKs/iPhoneSimulator26.0.sdk/Developer/Library/Frameworks -c -j10 -enable-batch-mode -incremental -Xcc -ivfsstatcache -Xcc /Users/yevgenylevin/Library/Developer/Xcode/DerivedData/SDKStatCaches.noindex/iphonesimulator26.0-23A339-26257891a6c027eb51374368541b8346.sdkstatcache -output-file-map /Users/yevgenylevin/Library/Developer/Xcode/DerivedData/Grocery-budget-optimizer-ahhxmmlzdnqkqsabbhmxfpulbwgx/Build/Intermediates.noindex/CodeScanner.build/Debug-iphonesimulator/CodeScanner.build/Objects-normal/arm64/CodeScanner-OutputFileMap.json -use-frontend-parseable-output -save-temps -no-color-diagnostics -explicit-module-build -module-cache-path /Users/yevgenylevin/Library/Developer/Xcode/DerivedData/Grocery-budget-optimizer-ahhxmmlzdnqkqsabbhmxfpulbwgx/Build/Intermediates.noindex/SwiftExplicitPrecompiledModules -clang-scanner-module-cache-path /Users/yevgenylevin/Library/Developer/Xcode/DerivedData/ModuleCache.noindex -sdk-module-cache-path /Users/yevgenylevin/Library/Developer/Xcode/DerivedData/ModuleCache.noindex -serialize-diagnostics -emit-dependencies -emit-module -emit-module-path /Users/yevgenylevin/Library/Developer/Xcode/DerivedData/Grocery-budget-optimizer-ahhxmmlzdnqkqsabbhmxfpulbwgx/Build/Intermediates.noindex/CodeScanner.build/Debug-iphonesimulator/CodeScanner.build/Objects-normal/arm64/CodeScanner.swiftmodule -validate-clang-modules-once -clang-build-session-file /Users/yevgenylevin/Library/Developer/Xcode/DerivedData/ModuleCache.noindex/Session.modulevalidation -package-name codescanner -Xcc -I/Users/yevgenylevin/Library/Developer/Xcode/DerivedData/Grocery-budget-optimizer-ahhxmmlzdnqkqsabbhmxfpulbwgx/Build/Intermediates.noindex/CodeScanner.build/Debug-iphonesimulator/CodeScanner.build/swift-overrides.hmap -emit-const-values -Xfrontend -const-gather-protocols-file -Xfrontend /Users/yevgenylevin/Library/Developer/Xcode/DerivedData/Grocery-budget-optimizer-ahhxmmlzdnqkqsabbhmxfpulbwgx/Build/Intermediates.noindex/CodeScanner.build/Debug-iphonesimulator/CodeScanner.build/Objects-normal/arm64/CodeScanner_const_extract_protocols.json -Xcc -I/Users/yevgenylevin/Library/Developer/Xcode/DerivedData/Grocery-budget-optimizer-ahhxmmlzdnqkqsabbhmxfpulbwgx/Build/Products/Debug-iphonesimulator/include -Xcc -I/Users/yevgenylevin/Library/Developer/Xcode/DerivedData/Grocery-budget-optimizer-ahhxmmlzdnqkqsabbhmxfpulbwgx/Build/Intermediates.noindex/CodeScanner.build/Debug-iphonesimulator/CodeScanner.build/DerivedSources-normal/arm64 -Xcc -I/Users/yevgenylevin/Library/Developer/Xcode/DerivedData/Grocery-budget-optimizer-ahhxmmlzdnqkqsabbhmxfpulbwgx/Build/Intermediates.noindex/CodeScanner.build/Debug-iphonesimulator/CodeScanner.build/DerivedSources/arm64 -Xcc -I/Users/yevgenylevin/Library/Developer/Xcode/DerivedData/Grocery-budget-optimizer-ahhxmmlzdnqkqsabbhmxfpulbwgx/Build/Intermediates.noindex/CodeScanner.build/Debug-iphonesimulator/CodeScanner.build/DerivedSources -Xcc -DSWIFT_PACKAGE -Xcc -DDEBUG\=1 -emit-objc-header -emit-objc-header-path /Users/yevgenylevin/Library/Developer/Xcode/DerivedData/Grocery-budget-optimizer-ahhxmmlzdnqkqsabbhmxfpulbwgx/Build/Intermediates.noindex/CodeScanner.build/Debug-iphonesimulator/CodeScanner.build/Objects-normal/arm64/CodeScanner-Swift.h -working-directory /Users/yevgenylevin/Documents/Develop/iOS/Grocery-budget-optimizer/Grocery-budget-optimizer.xcodeproj -experimental-emit-module-separately -disable-cmo

SwiftMergeGeneratedHeaders /Users/yevgenylevin/Library/Developer/Xcode/DerivedData/Grocery-budget-optimizer-ahhxmmlzdnqkqsabbhmxfpulbwgx/Build/Intermediates.noindex/GeneratedModuleMaps-iphonesimulator/CodeScanner-Swift.h /Users/yevgenylevin/Library/Developer/Xcode/DerivedData/Grocery-budget-optimizer-ahhxmmlzdnqkqsabbhmxfpulbwgx/Build/Intermediates.noindex/CodeScanner.build/Debug-iphonesimulator/CodeScanner.build/Objects-normal/arm64/CodeScanner-Swift.h (in target 'CodeScanner' from project 'CodeScanner')
    cd /Users/yevgenylevin/Library/Developer/Xcode/DerivedData/Grocery-budget-optimizer-ahhxmmlzdnqkqsabbhmxfpulbwgx/SourcePackages/checkouts/CodeScanner
    builtin-swiftHeaderTool -arch arm64 /Users/yevgenylevin/Library/Developer/Xcode/DerivedData/Grocery-budget-optimizer-ahhxmmlzdnqkqsabbhmxfpulbwgx/Build/Intermediates.noindex/CodeScanner.build/Debug-iphonesimulator/CodeScanner.build/Objects-normal/arm64/CodeScanner-Swift.h -o /Users/yevgenylevin/Library/Developer/Xcode/DerivedData/Grocery-budget-optimizer-ahhxmmlzdnqkqsabbhmxfpulbwgx/Build/Intermediates.noindex/GeneratedModuleMaps-iphonesimulator/CodeScanner-Swift.h

Copy /Users/yevgenylevin/Library/Developer/Xcode/DerivedData/Grocery-budget-optimizer-ahhxmmlzdnqkqsabbhmxfpulbwgx/Build/Products/Debug-iphonesimulator/CodeScanner.swiftmodule/arm64-apple-ios-simulator.swiftmodule /Users/yevgenylevin/Library/Developer/Xcode/DerivedData/Grocery-budget-optimizer-ahhxmmlzdnqkqsabbhmxfpulbwgx/Build/Intermediates.noindex/CodeScanner.build/Debug-iphonesimulator/CodeScanner.build/Objects-normal/arm64/CodeScanner.swiftmodule (in target 'CodeScanner' from project 'CodeScanner')
    cd /Users/yevgenylevin/Library/Developer/Xcode/DerivedData/Grocery-budget-optimizer-ahhxmmlzdnqkqsabbhmxfpulbwgx/SourcePackages/checkouts/CodeScanner
    builtin-copy -exclude .DS_Store -exclude CVS -exclude .svn -exclude .git -exclude .hg -resolve-src-symlinks -rename /Users/yevgenylevin/Library/Developer/Xcode/DerivedData/Grocery-budget-optimizer-ahhxmmlzdnqkqsabbhmxfpulbwgx/Build/Intermediates.noindex/CodeScanner.build/Debug-iphonesimulator/CodeScanner.build/Objects-normal/arm64/CodeScanner.swiftmodule /Users/yevgenylevin/Library/Developer/Xcode/DerivedData/Grocery-budget-optimizer-ahhxmmlzdnqkqsabbhmxfpulbwgx/Build/Products/Debug-iphonesimulator/CodeScanner.swiftmodule/arm64-apple-ios-simulator.swiftmodule

Copy /Users/yevgenylevin/Library/Developer/Xcode/DerivedData/Grocery-budget-optimizer-ahhxmmlzdnqkqsabbhmxfpulbwgx/Build/Products/Debug-iphonesimulator/CodeScanner.swiftmodule/arm64-apple-ios-simulator.swiftdoc /Users/yevgenylevin/Library/Developer/Xcode/DerivedData/Grocery-budget-optimizer-ahhxmmlzdnqkqsabbhmxfpulbwgx/Build/Intermediates.noindex/CodeScanner.build/Debug-iphonesimulator/CodeScanner.build/Objects-normal/arm64/CodeScanner.swiftdoc (in target 'CodeScanner' from project 'CodeScanner')
    cd /Users/yevgenylevin/Library/Developer/Xcode/DerivedData/Grocery-budget-optimizer-ahhxmmlzdnqkqsabbhmxfpulbwgx/SourcePackages/checkouts/CodeScanner
    builtin-copy -exclude .DS_Store -exclude CVS -exclude .svn -exclude .git -exclude .hg -resolve-src-symlinks -rename /Users/yevgenylevin/Library/Developer/Xcode/DerivedData/Grocery-budget-optimizer-ahhxmmlzdnqkqsabbhmxfpulbwgx/Build/Intermediates.noindex/CodeScanner.build/Debug-iphonesimulator/CodeScanner.build/Objects-normal/arm64/CodeScanner.swiftdoc /Users/yevgenylevin/Library/Developer/Xcode/DerivedData/Grocery-budget-optimizer-ahhxmmlzdnqkqsabbhmxfpulbwgx/Build/Products/Debug-iphonesimulator/CodeScanner.swiftmodule/arm64-apple-ios-simulator.swiftdoc

Copy /Users/yevgenylevin/Library/Developer/Xcode/DerivedData/Grocery-budget-optimizer-ahhxmmlzdnqkqsabbhmxfpulbwgx/Build/Products/Debug-iphonesimulator/CodeScanner.swiftmodule/arm64-apple-ios-simulator.abi.json /Users/yevgenylevin/Library/Developer/Xcode/DerivedData/Grocery-budget-optimizer-ahhxmmlzdnqkqsabbhmxfpulbwgx/Build/Intermediates.noindex/CodeScanner.build/Debug-iphonesimulator/CodeScanner.build/Objects-normal/arm64/CodeScanner.abi.json (in target 'CodeScanner' from project 'CodeScanner')
    cd /Users/yevgenylevin/Library/Developer/Xcode/DerivedData/Grocery-budget-optimizer-ahhxmmlzdnqkqsabbhmxfpulbwgx/SourcePackages/checkouts/CodeScanner
    builtin-copy -exclude .DS_Store -exclude CVS -exclude .svn -exclude .git -exclude .hg -resolve-src-symlinks -rename /Users/yevgenylevin/Library/Developer/Xcode/DerivedData/Grocery-budget-optimizer-ahhxmmlzdnqkqsabbhmxfpulbwgx/Build/Intermediates.noindex/CodeScanner.build/Debug-iphonesimulator/CodeScanner.build/Objects-normal/arm64/CodeScanner.abi.json /Users/yevgenylevin/Library/Developer/Xcode/DerivedData/Grocery-budget-optimizer-ahhxmmlzdnqkqsabbhmxfpulbwgx/Build/Products/Debug-iphonesimulator/CodeScanner.swiftmodule/arm64-apple-ios-simulator.abi.json

Copy /Users/yevgenylevin/Library/Developer/Xcode/DerivedData/Grocery-budget-optimizer-ahhxmmlzdnqkqsabbhmxfpulbwgx/Build/Products/Debug-iphonesimulator/CodeScanner.swiftmodule/Project/arm64-apple-ios-simulator.swiftsourceinfo /Users/yevgenylevin/Library/Developer/Xcode/DerivedData/Grocery-budget-optimizer-ahhxmmlzdnqkqsabbhmxfpulbwgx/Build/Intermediates.noindex/CodeScanner.build/Debug-iphonesimulator/CodeScanner.build/Objects-normal/arm64/CodeScanner.swiftsourceinfo (in target 'CodeScanner' from project 'CodeScanner')
    cd /Users/yevgenylevin/Library/Developer/Xcode/DerivedData/Grocery-budget-optimizer-ahhxmmlzdnqkqsabbhmxfpulbwgx/SourcePackages/checkouts/CodeScanner
    builtin-copy -exclude .DS_Store -exclude CVS -exclude .svn -exclude .git -exclude .hg -resolve-src-symlinks -rename /Users/yevgenylevin/Library/Developer/Xcode/DerivedData/Grocery-budget-optimizer-ahhxmmlzdnqkqsabbhmxfpulbwgx/Build/Intermediates.noindex/CodeScanner.build/Debug-iphonesimulator/CodeScanner.build/Objects-normal/arm64/CodeScanner.swiftsourceinfo /Users/yevgenylevin/Library/Developer/Xcode/DerivedData/Grocery-budget-optimizer-ahhxmmlzdnqkqsabbhmxfpulbwgx/Build/Products/Debug-iphonesimulator/CodeScanner.swiftmodule/Project/arm64-apple-ios-simulator.swiftsourceinfo

ProcessProductPackaging "" /Users/yevgenylevin/Library/Developer/Xcode/DerivedData/Grocery-budget-optimizer-ahhxmmlzdnqkqsabbhmxfpulbwgx/Build/Intermediates.noindex/Grocery-budget-optimizer.build/Debug-iphonesimulator/Grocery-budget-optimizer.build/Grocery-budget-optimizer.app-Simulated.xcent (in target 'Grocery-budget-optimizer' from project 'Grocery-budget-optimizer')
    cd /Users/yevgenylevin/Documents/Develop/iOS/Grocery-budget-optimizer
    
    Entitlements:
    
    {
    "application-identifier" = "392G674982.com.yevgenylevin.animated.Grocery-budget-optimizer";
}
    
    builtin-productPackagingUtility -entitlements -format xml -o /Users/yevgenylevin/Library/Developer/Xcode/DerivedData/Grocery-budget-optimizer-ahhxmmlzdnqkqsabbhmxfpulbwgx/Build/Intermediates.noindex/Grocery-budget-optimizer.build/Debug-iphonesimulator/Grocery-budget-optimizer.build/Grocery-budget-optimizer.app-Simulated.xcent

ProcessProductPackagingDER /Users/yevgenylevin/Library/Developer/Xcode/DerivedData/Grocery-budget-optimizer-ahhxmmlzdnqkqsabbhmxfpulbwgx/Build/Intermediates.noindex/Grocery-budget-optimizer.build/Debug-iphonesimulator/Grocery-budget-optimizer.build/Grocery-budget-optimizer.app-Simulated.xcent /Users/yevgenylevin/Library/Developer/Xcode/DerivedData/Grocery-budget-optimizer-ahhxmmlzdnqkqsabbhmxfpulbwgx/Build/Intermediates.noindex/Grocery-budget-optimizer.build/Debug-iphonesimulator/Grocery-budget-optimizer.build/Grocery-budget-optimizer.app-Simulated.xcent.der (in target 'Grocery-budget-optimizer' from project 'Grocery-budget-optimizer')
    cd /Users/yevgenylevin/Documents/Develop/iOS/Grocery-budget-optimizer
    /usr/bin/derq query -f xml -i /Users/yevgenylevin/Library/Developer/Xcode/DerivedData/Grocery-budget-optimizer-ahhxmmlzdnqkqsabbhmxfpulbwgx/Build/Intermediates.noindex/Grocery-budget-optimizer.build/Debug-iphonesimulator/Grocery-budget-optimizer.build/Grocery-budget-optimizer.app-Simulated.xcent -o /Users/yevgenylevin/Library/Developer/Xcode/DerivedData/Grocery-budget-optimizer-ahhxmmlzdnqkqsabbhmxfpulbwgx/Build/Intermediates.noindex/Grocery-budget-optimizer.build/Debug-iphonesimulator/Grocery-budget-optimizer.build/Grocery-budget-optimizer.app-Simulated.xcent.der --raw

MkDir /Users/yevgenylevin/Library/Developer/Xcode/DerivedData/Grocery-budget-optimizer-ahhxmmlzdnqkqsabbhmxfpulbwgx/Build/Intermediates.noindex/Grocery-budget-optimizer.build/Debug-iphonesimulator/Grocery-budget-optimizer.build/assetcatalog_output/thinned (in target 'Grocery-budget-optimizer' from project 'Grocery-budget-optimizer')
    cd /Users/yevgenylevin/Documents/Develop/iOS/Grocery-budget-optimizer
    /bin/mkdir -p /Users/yevgenylevin/Library/Developer/Xcode/DerivedData/Grocery-budget-optimizer-ahhxmmlzdnqkqsabbhmxfpulbwgx/Build/Intermediates.noindex/Grocery-budget-optimizer.build/Debug-iphonesimulator/Grocery-budget-optimizer.build/assetcatalog_output/thinned

MkDir /Users/yevgenylevin/Library/Developer/Xcode/DerivedData/Grocery-budget-optimizer-ahhxmmlzdnqkqsabbhmxfpulbwgx/Build/Intermediates.noindex/Grocery-budget-optimizer.build/Debug-iphonesimulator/Grocery-budget-optimizer.build/assetcatalog_output/unthinned (in target 'Grocery-budget-optimizer' from project 'Grocery-budget-optimizer')
    cd /Users/yevgenylevin/Documents/Develop/iOS/Grocery-budget-optimizer
    /bin/mkdir -p /Users/yevgenylevin/Library/Developer/Xcode/DerivedData/Grocery-budget-optimizer-ahhxmmlzdnqkqsabbhmxfpulbwgx/Build/Intermediates.noindex/Grocery-budget-optimizer.build/Debug-iphonesimulator/Grocery-budget-optimizer.build/assetcatalog_output/unthinned

GenerateAssetSymbols /Users/yevgenylevin/Documents/Develop/iOS/Grocery-budget-optimizer/Grocery-budget-optimizer/Resources/Assets.xcassets (in target 'Grocery-budget-optimizer' from project 'Grocery-budget-optimizer')
    cd /Users/yevgenylevin/Documents/Develop/iOS/Grocery-budget-optimizer
    /Applications/Xcode.app/Contents/Developer/usr/bin/actool /Users/yevgenylevin/Documents/Develop/iOS/Grocery-budget-optimizer/Grocery-budget-optimizer/Resources/Assets.xcassets --compile /Users/yevgenylevin/Library/Developer/Xcode/DerivedData/Grocery-budget-optimizer-ahhxmmlzdnqkqsabbhmxfpulbwgx/Build/Products/Debug-iphonesimulator/Grocery-budget-optimizer.app --output-format human-readable-text --notices --warnings --export-dependency-info /Users/yevgenylevin/Library/Developer/Xcode/DerivedData/Grocery-budget-optimizer-ahhxmmlzdnqkqsabbhmxfpulbwgx/Build/Intermediates.noindex/Grocery-budget-optimizer.build/Debug-iphonesimulator/Grocery-budget-optimizer.build/assetcatalog_dependencies --output-partial-info-plist /Users/yevgenylevin/Library/Developer/Xcode/DerivedData/Grocery-budget-optimizer-ahhxmmlzdnqkqsabbhmxfpulbwgx/Build/Intermediates.noindex/Grocery-budget-optimizer.build/Debug-iphonesimulator/Grocery-budget-optimizer.build/assetcatalog_generated_info.plist --app-icon AppIcon --accent-color AccentColor --compress-pngs --enable-on-demand-resources YES --development-region en --target-device iphone --target-device ipad --minimum-deployment-target 26.0 --platform iphonesimulator --bundle-identifier com.yevgenylevin.animated.Grocery-budget-optimizer --generate-swift-asset-symbols /Users/yevgenylevin/Library/Developer/Xcode/DerivedData/Grocery-budget-optimizer-ahhxmmlzdnqkqsabbhmxfpulbwgx/Build/Intermediates.noindex/Grocery-budget-optimizer.build/Debug-iphonesimulator/Grocery-budget-optimizer.build/DerivedSources/GeneratedAssetSymbols.swift --generate-objc-asset-symbols /Users/yevgenylevin/Library/Developer/Xcode/DerivedData/Grocery-budget-optimizer-ahhxmmlzdnqkqsabbhmxfpulbwgx/Build/Intermediates.noindex/Grocery-budget-optimizer.build/Debug-iphonesimulator/Grocery-budget-optimizer.build/DerivedSources/GeneratedAssetSymbols.h --generate-asset-symbol-index /Users/yevgenylevin/Library/Developer/Xcode/DerivedData/Grocery-budget-optimizer-ahhxmmlzdnqkqsabbhmxfpulbwgx/Build/Intermediates.noindex/Grocery-budget-optimizer.build/Debug-iphonesimulator/Grocery-budget-optimizer.build/DerivedSources/GeneratedAssetSymbols-Index.plist
/* com.apple.actool.compilation-results */
/Users/yevgenylevin/Library/Developer/Xcode/DerivedData/Grocery-budget-optimizer-ahhxmmlzdnqkqsabbhmxfpulbwgx/Build/Intermediates.noindex/Grocery-budget-optimizer.build/Debug-iphonesimulator/Grocery-budget-optimizer.build/DerivedSources/GeneratedAssetSymbols-Index.plist
/Users/yevgenylevin/Library/Developer/Xcode/DerivedData/Grocery-budget-optimizer-ahhxmmlzdnqkqsabbhmxfpulbwgx/Build/Intermediates.noindex/Grocery-budget-optimizer.build/Debug-iphonesimulator/Grocery-budget-optimizer.build/DerivedSources/GeneratedAssetSymbols.h
/Users/yevgenylevin/Library/Developer/Xcode/DerivedData/Grocery-budget-optimizer-ahhxmmlzdnqkqsabbhmxfpulbwgx/Build/Intermediates.noindex/Grocery-budget-optimizer.build/Debug-iphonesimulator/Grocery-budget-optimizer.build/DerivedSources/GeneratedAssetSymbols.swift


DataModelCompile /Users/yevgenylevin/Library/Developer/Xcode/DerivedData/Grocery-budget-optimizer-ahhxmmlzdnqkqsabbhmxfpulbwgx/Build/Products/Debug-iphonesimulator/Grocery-budget-optimizer.app/ /Users/yevgenylevin/Documents/Develop/iOS/Grocery-budget-optimizer/Grocery-budget-optimizer/Data/CoreData/GroceryBudgetOptimizer.xcdatamodeld (in target 'Grocery-budget-optimizer' from project 'Grocery-budget-optimizer')
    cd /Users/yevgenylevin/Documents/Develop/iOS/Grocery-budget-optimizer
    /Applications/Xcode.app/Contents/Developer/usr/bin/momc --sdkroot /Applications/Xcode.app/Contents/Developer/Platforms/iPhoneSimulator.platform/Developer/SDKs/iPhoneSimulator26.0.sdk --iphonesimulator-deployment-target 26.0 --module Grocery_budget_optimizer /Users/yevgenylevin/Documents/Develop/iOS/Grocery-budget-optimizer/Grocery-budget-optimizer/Data/CoreData/GroceryBudgetOptimizer.xcdatamodeld /Users/yevgenylevin/Library/Developer/Xcode/DerivedData/Grocery-budget-optimizer-ahhxmmlzdnqkqsabbhmxfpulbwgx/Build/Products/Debug-iphonesimulator/Grocery-budget-optimizer.app/

CompileAssetCatalogVariant thinned /Users/yevgenylevin/Library/Developer/Xcode/DerivedData/Grocery-budget-optimizer-ahhxmmlzdnqkqsabbhmxfpulbwgx/Build/Products/Debug-iphonesimulator/Grocery-budget-optimizer.app /Users/yevgenylevin/Documents/Develop/iOS/Grocery-budget-optimizer/Grocery-budget-optimizer/Resources/Assets.xcassets (in target 'Grocery-budget-optimizer' from project 'Grocery-budget-optimizer')
    cd /Users/yevgenylevin/Documents/Develop/iOS/Grocery-budget-optimizer
    /Applications/Xcode.app/Contents/Developer/usr/bin/actool /Users/yevgenylevin/Documents/Develop/iOS/Grocery-budget-optimizer/Grocery-budget-optimizer/Resources/Assets.xcassets --compile /Users/yevgenylevin/Library/Developer/Xcode/DerivedData/Grocery-budget-optimizer-ahhxmmlzdnqkqsabbhmxfpulbwgx/Build/Intermediates.noindex/Grocery-budget-optimizer.build/Debug-iphonesimulator/Grocery-budget-optimizer.build/assetcatalog_output/thinned --output-format human-readable-text --notices --warnings --export-dependency-info /Users/yevgenylevin/Library/Developer/Xcode/DerivedData/Grocery-budget-optimizer-ahhxmmlzdnqkqsabbhmxfpulbwgx/Build/Intermediates.noindex/Grocery-budget-optimizer.build/Debug-iphonesimulator/Grocery-budget-optimizer.build/assetcatalog_dependencies_thinned --output-partial-info-plist /Users/yevgenylevin/Library/Developer/Xcode/DerivedData/Grocery-budget-optimizer-ahhxmmlzdnqkqsabbhmxfpulbwgx/Build/Intermediates.noindex/Grocery-budget-optimizer.build/Debug-iphonesimulator/Grocery-budget-optimizer.build/assetcatalog_generated_info.plist_thinned --app-icon AppIcon --accent-color AccentColor --compress-pngs --enable-on-demand-resources YES --filter-for-thinning-device-configuration iPhone18,1 --filter-for-device-os-version 26.0 --development-region en --target-device iphone --target-device ipad --minimum-deployment-target 26.0 --platform iphonesimulator

SwiftDriverJobDiscovery normal arm64 Compiling resource_bundle_accessor.swift (in target 'CodeScanner' from project 'CodeScanner')

SwiftDriverJobDiscovery normal arm64 Compiling AVCaptureDevice+bestForBuiltInCamera.swift (in target 'CodeScanner' from project 'CodeScanner')

SwiftDriverJobDiscovery normal arm64 Compiling GeneratedAssetSymbols.swift (in target 'CodeScanner' from project 'CodeScanner')

SwiftDriverJobDiscovery normal arm64 Compiling CodeScanner.swift (in target 'CodeScanner' from project 'CodeScanner')

SwiftDriver Grocery-budget-optimizer normal arm64 com.apple.xcode.tools.swift.compiler (in target 'Grocery-budget-optimizer' from project 'Grocery-budget-optimizer')
    cd /Users/yevgenylevin/Documents/Develop/iOS/Grocery-budget-optimizer
    builtin-SwiftDriver -- /Applications/Xcode.app/Contents/Developer/Toolchains/XcodeDefault.xctoolchain/usr/bin/swiftc -module-name Grocery_budget_optimizer -Onone -enforce-exclusivity\=checked @/Users/yevgenylevin/Library/Developer/Xcode/DerivedData/Grocery-budget-optimizer-ahhxmmlzdnqkqsabbhmxfpulbwgx/Build/Intermediates.noindex/Grocery-budget-optimizer.build/Debug-iphonesimulator/Grocery-budget-optimizer.build/Objects-normal/arm64/Grocery-budget-optimizer.SwiftFileList -DDEBUG -default-isolation\=MainActor -enable-bare-slash-regex -enable-upcoming-feature DisableOutwardActorInference -enable-upcoming-feature InferSendableFromCaptures -enable-upcoming-feature GlobalActorIsolatedTypesUsability -enable-upcoming-feature MemberImportVisibility -enable-upcoming-feature InferIsolatedConformances -enable-upcoming-feature NonisolatedNonsendingByDefault -enable-experimental-feature DebugDescriptionMacro -sdk /Applications/Xcode.app/Contents/Developer/Platforms/iPhoneSimulator.platform/Developer/SDKs/iPhoneSimulator26.0.sdk -target arm64-apple-ios26.0-simulator -g -module-cache-path /Users/yevgenylevin/Library/Developer/Xcode/DerivedData/ModuleCache.noindex -Xfrontend -serialize-debugging-options -profile-coverage-mapping -profile-generate -enable-testing -index-store-path /Users/yevgenylevin/Library/Developer/Xcode/DerivedData/Grocery-budget-optimizer-ahhxmmlzdnqkqsabbhmxfpulbwgx/Index.noindex/DataStore -Xcc -D_LIBCPP_HARDENING_MODE\=_LIBCPP_HARDENING_MODE_DEBUG -swift-version 5 -I /Users/yevgenylevin/Library/Developer/Xcode/DerivedData/Grocery-budget-optimizer-ahhxmmlzdnqkqsabbhmxfpulbwgx/Build/Products/Debug-iphonesimulator -F /Users/yevgenylevin/Library/Developer/Xcode/DerivedData/Grocery-budget-optimizer-ahhxmmlzdnqkqsabbhmxfpulbwgx/Build/Products/Debug-iphonesimulator/PackageFrameworks -F /Users/yevgenylevin/Library/Developer/Xcode/DerivedData/Grocery-budget-optimizer-ahhxmmlzdnqkqsabbhmxfpulbwgx/Build/Products/Debug-iphonesimulator -emit-localized-strings -emit-localized-strings-path /Users/yevgenylevin/Library/Developer/Xcode/DerivedData/Grocery-budget-optimizer-ahhxmmlzdnqkqsabbhmxfpulbwgx/Build/Intermediates.noindex/Grocery-budget-optimizer.build/Debug-iphonesimulator/Grocery-budget-optimizer.build/Objects-normal/arm64 -c -j10 -enable-batch-mode -incremental -Xcc -ivfsstatcache -Xcc /Users/yevgenylevin/Library/Developer/Xcode/DerivedData/SDKStatCaches.noindex/iphonesimulator26.0-23A339-26257891a6c027eb51374368541b8346.sdkstatcache -output-file-map /Users/yevgenylevin/Library/Developer/Xcode/DerivedData/Grocery-budget-optimizer-ahhxmmlzdnqkqsabbhmxfpulbwgx/Build/Intermediates.noindex/Grocery-budget-optimizer.build/Debug-iphonesimulator/Grocery-budget-optimizer.build/Objects-normal/arm64/Grocery-budget-optimizer-OutputFileMap.json -use-frontend-parseable-output -save-temps -no-color-diagnostics -explicit-module-build -module-cache-path /Users/yevgenylevin/Library/Developer/Xcode/DerivedData/Grocery-budget-optimizer-ahhxmmlzdnqkqsabbhmxfpulbwgx/Build/Intermediates.noindex/SwiftExplicitPrecompiledModules -clang-scanner-module-cache-path /Users/yevgenylevin/Library/Developer/Xcode/DerivedData/ModuleCache.noindex -sdk-module-cache-path /Users/yevgenylevin/Library/Developer/Xcode/DerivedData/ModuleCache.noindex -serialize-diagnostics -emit-dependencies -emit-module -emit-module-path /Users/yevgenylevin/Library/Developer/Xcode/DerivedData/Grocery-budget-optimizer-ahhxmmlzdnqkqsabbhmxfpulbwgx/Build/Intermediates.noindex/Grocery-budget-optimizer.build/Debug-iphonesimulator/Grocery-budget-optimizer.build/Objects-normal/arm64/Grocery_budget_optimizer.swiftmodule -validate-clang-modules-once -clang-build-session-file /Users/yevgenylevin/Library/Developer/Xcode/DerivedData/ModuleCache.noindex/Session.modulevalidation -Xcc -I/Users/yevgenylevin/Library/Developer/Xcode/DerivedData/Grocery-budget-optimizer-ahhxmmlzdnqkqsabbhmxfpulbwgx/Build/Intermediates.noindex/Grocery-budget-optimizer.build/Debug-iphonesimulator/Grocery-budget-optimizer.build/swift-overrides.hmap -emit-const-values -Xfrontend -const-gather-protocols-file -Xfrontend /Users/yevgenylevin/Library/Developer/Xcode/DerivedData/Grocery-budget-optimizer-ahhxmmlzdnqkqsabbhmxfpulbwgx/Build/Intermediates.noindex/Grocery-budget-optimizer.build/Debug-iphonesimulator/Grocery-budget-optimizer.build/Objects-normal/arm64/Grocery-budget-optimizer_const_extract_protocols.json -Xcc -iquote -Xcc /Users/yevgenylevin/Library/Developer/Xcode/DerivedData/Grocery-budget-optimizer-ahhxmmlzdnqkqsabbhmxfpulbwgx/Build/Intermediates.noindex/Grocery-budget-optimizer.build/Debug-iphonesimulator/Grocery-budget-optimizer.build/Grocery-budget-optimizer-generated-files.hmap -Xcc -I/Users/yevgenylevin/Library/Developer/Xcode/DerivedData/Grocery-budget-optimizer-ahhxmmlzdnqkqsabbhmxfpulbwgx/Build/Intermediates.noindex/Grocery-budget-optimizer.build/Debug-iphonesimulator/Grocery-budget-optimizer.build/Grocery-budget-optimizer-own-target-headers.hmap -Xcc -I/Users/yevgenylevin/Library/Developer/Xcode/DerivedData/Grocery-budget-optimizer-ahhxmmlzdnqkqsabbhmxfpulbwgx/Build/Intermediates.noindex/Grocery-budget-optimizer.build/Debug-iphonesimulator/Grocery-budget-optimizer.build/Grocery-budget-optimizer-all-non-framework-target-headers.hmap -Xcc -ivfsoverlay -Xcc /Users/yevgenylevin/Library/Developer/Xcode/DerivedData/Grocery-budget-optimizer-ahhxmmlzdnqkqsabbhmxfpulbwgx/Build/Intermediates.noindex/Grocery-budget-optimizer.build/Debug-iphonesimulator/Grocery-budget-optimizer-4c1b5eea388a89c184336ed2ff2c02b2-VFS-iphonesimulator/all-product-headers.yaml -Xcc -iquote -Xcc /Users/yevgenylevin/Library/Developer/Xcode/DerivedData/Grocery-budget-optimizer-ahhxmmlzdnqkqsabbhmxfpulbwgx/Build/Intermediates.noindex/Grocery-budget-optimizer.build/Debug-iphonesimulator/Grocery-budget-optimizer.build/Grocery-budget-optimizer-project-headers.hmap -Xcc -I/Users/yevgenylevin/Library/Developer/Xcode/DerivedData/Grocery-budget-optimizer-ahhxmmlzdnqkqsabbhmxfpulbwgx/Build/Products/Debug-iphonesimulator/include -Xcc -I/Users/yevgenylevin/Library/Developer/Xcode/DerivedData/Grocery-budget-optimizer-ahhxmmlzdnqkqsabbhmxfpulbwgx/Build/Intermediates.noindex/Grocery-budget-optimizer.build/Debug-iphonesimulator/Grocery-budget-optimizer.build/DerivedSources-normal/arm64 -Xcc -I/Users/yevgenylevin/Library/Developer/Xcode/DerivedData/Grocery-budget-optimizer-ahhxmmlzdnqkqsabbhmxfpulbwgx/Build/Intermediates.noindex/Grocery-budget-optimizer.build/Debug-iphonesimulator/Grocery-budget-optimizer.build/DerivedSources/arm64 -Xcc -I/Users/yevgenylevin/Library/Developer/Xcode/DerivedData/Grocery-budget-optimizer-ahhxmmlzdnqkqsabbhmxfpulbwgx/Build/Intermediates.noindex/Grocery-budget-optimizer.build/Debug-iphonesimulator/Grocery-budget-optimizer.build/DerivedSources -Xcc -DDEBUG\=1 -emit-objc-header -emit-objc-header-path /Users/yevgenylevin/Library/Developer/Xcode/DerivedData/Grocery-budget-optimizer-ahhxmmlzdnqkqsabbhmxfpulbwgx/Build/Intermediates.noindex/Grocery-budget-optimizer.build/Debug-iphonesimulator/Grocery-budget-optimizer.build/Objects-normal/arm64/Grocery_budget_optimizer-Swift.h -working-directory /Users/yevgenylevin/Documents/Develop/iOS/Grocery-budget-optimizer -experimental-emit-module-separately -disable-cmo
/Users/yevgenylevin/Documents/Develop/iOS/Grocery-budget-optimizer/Grocery-budget-optimizer/Presentation/Screens/Items/ItemsView.swift:17:9: error: Expected 'func' keyword in instance method declaration
        NavigationStack {
        ^
        func  (in target 'Grocery-budget-optimizer' from project 'Grocery-budget-optimizer')
/Users/yevgenylevin/Documents/Develop/iOS/Grocery-budget-optimizer/Grocery-budget-optimizer/Presentation/Screens/Items/ItemsView.swift:17:25: error: Expected '(' in argument list of function declaration
        NavigationStack {
                        ^
                       () (in target 'Grocery-budget-optimizer' from project 'Grocery-budget-optimizer')
/Users/yevgenylevin/Documents/Develop/iOS/Grocery-budget-optimizer/Grocery-budget-optimizer/Presentation/Screens/Items/ItemsView.swift:108:1: error: Extraneous '}' at top level
}
^ (in target 'Grocery-budget-optimizer' from project 'Grocery-budget-optimizer')

SwiftDriverJobDiscovery normal arm64 Compiling ScannerViewController.swift (in target 'CodeScanner' from project 'CodeScanner')

SwiftDriver\ Compilation CodeScanner normal arm64 com.apple.xcode.tools.swift.compiler (in target 'CodeScanner' from project 'CodeScanner')
    cd /Users/yevgenylevin/Documents/Develop/iOS/Grocery-budget-optimizer/Grocery-budget-optimizer.xcodeproj
    builtin-Swift-Compilation -- /Applications/Xcode.app/Contents/Developer/Toolchains/XcodeDefault.xctoolchain/usr/bin/swiftc -module-name CodeScanner -Onone -enforce-exclusivity\=checked @/Users/yevgenylevin/Library/Developer/Xcode/DerivedData/Grocery-budget-optimizer-ahhxmmlzdnqkqsabbhmxfpulbwgx/Build/Intermediates.noindex/CodeScanner.build/Debug-iphonesimulator/CodeScanner.build/Objects-normal/arm64/CodeScanner.SwiftFileList -DSWIFT_PACKAGE -DDEBUG -DSWIFT_MODULE_RESOURCE_BUNDLE_AVAILABLE -DXcode -plugin-path /Applications/Xcode.app/Contents/Developer/Toolchains/XcodeDefault.xctoolchain/usr/lib/swift/host/plugins/testing -enable-experimental-feature DebugDescriptionMacro -sdk /Applications/Xcode.app/Contents/Developer/Platforms/iPhoneSimulator.platform/Developer/SDKs/iPhoneSimulator26.0.sdk -target arm64-apple-ios13.0-simulator -g -module-cache-path /Users/yevgenylevin/Library/Developer/Xcode/DerivedData/ModuleCache.noindex -Xfrontend -serialize-debugging-options -profile-coverage-mapping -profile-generate -enable-testing -suppress-warnings -index-store-path /Users/yevgenylevin/Library/Developer/Xcode/DerivedData/Grocery-budget-optimizer-ahhxmmlzdnqkqsabbhmxfpulbwgx/Index.noindex/DataStore -Xcc -D_LIBCPP_HARDENING_MODE\=_LIBCPP_HARDENING_MODE_DEBUG -swift-version 5 -I /Users/yevgenylevin/Library/Developer/Xcode/DerivedData/Grocery-budget-optimizer-ahhxmmlzdnqkqsabbhmxfpulbwgx/Build/Products/Debug-iphonesimulator -Isystem /Applications/Xcode.app/Contents/Developer/Platforms/iPhoneSimulator.platform/Developer/usr/lib -F /Users/yevgenylevin/Library/Developer/Xcode/DerivedData/Grocery-budget-optimizer-ahhxmmlzdnqkqsabbhmxfpulbwgx/Build/Products/Debug-iphonesimulator -F /Applications/Xcode.app/Contents/Developer/Platforms/iPhoneSimulator.platform/Developer/Library/Frameworks -F /Applications/Xcode.app/Contents/Developer/Platforms/iPhoneSimulator.platform/Developer/SDKs/iPhoneSimulator26.0.sdk/Developer/Library/Frameworks -c -j10 -enable-batch-mode -incremental -Xcc -ivfsstatcache -Xcc /Users/yevgenylevin/Library/Developer/Xcode/DerivedData/SDKStatCaches.noindex/iphonesimulator26.0-23A339-26257891a6c027eb51374368541b8346.sdkstatcache -output-file-map /Users/yevgenylevin/Library/Developer/Xcode/DerivedData/Grocery-budget-optimizer-ahhxmmlzdnqkqsabbhmxfpulbwgx/Build/Intermediates.noindex/CodeScanner.build/Debug-iphonesimulator/CodeScanner.build/Objects-normal/arm64/CodeScanner-OutputFileMap.json -use-frontend-parseable-output -save-temps -no-color-diagnostics -explicit-module-build -module-cache-path /Users/yevgenylevin/Library/Developer/Xcode/DerivedData/Grocery-budget-optimizer-ahhxmmlzdnqkqsabbhmxfpulbwgx/Build/Intermediates.noindex/SwiftExplicitPrecompiledModules -clang-scanner-module-cache-path /Users/yevgenylevin/Library/Developer/Xcode/DerivedData/ModuleCache.noindex -sdk-module-cache-path /Users/yevgenylevin/Library/Developer/Xcode/DerivedData/ModuleCache.noindex -serialize-diagnostics -emit-dependencies -emit-module -emit-module-path /Users/yevgenylevin/Library/Developer/Xcode/DerivedData/Grocery-budget-optimizer-ahhxmmlzdnqkqsabbhmxfpulbwgx/Build/Intermediates.noindex/CodeScanner.build/Debug-iphonesimulator/CodeScanner.build/Objects-normal/arm64/CodeScanner.swiftmodule -validate-clang-modules-once -clang-build-session-file /Users/yevgenylevin/Library/Developer/Xcode/DerivedData/ModuleCache.noindex/Session.modulevalidation -package-name codescanner -Xcc -I/Users/yevgenylevin/Library/Developer/Xcode/DerivedData/Grocery-budget-optimizer-ahhxmmlzdnqkqsabbhmxfpulbwgx/Build/Intermediates.noindex/CodeScanner.build/Debug-iphonesimulator/CodeScanner.build/swift-overrides.hmap -emit-const-values -Xfrontend -const-gather-protocols-file -Xfrontend /Users/yevgenylevin/Library/Developer/Xcode/DerivedData/Grocery-budget-optimizer-ahhxmmlzdnqkqsabbhmxfpulbwgx/Build/Intermediates.noindex/CodeScanner.build/Debug-iphonesimulator/CodeScanner.build/Objects-normal/arm64/CodeScanner_const_extract_protocols.json -Xcc -I/Users/yevgenylevin/Library/Developer/Xcode/DerivedData/Grocery-budget-optimizer-ahhxmmlzdnqkqsabbhmxfpulbwgx/Build/Products/Debug-iphonesimulator/include -Xcc -I/Users/yevgenylevin/Library/Developer/Xcode/DerivedData/Grocery-budget-optimizer-ahhxmmlzdnqkqsabbhmxfpulbwgx/Build/Intermediates.noindex/CodeScanner.build/Debug-iphonesimulator/CodeScanner.build/DerivedSources-normal/arm64 -Xcc -I/Users/yevgenylevin/Library/Developer/Xcode/DerivedData/Grocery-budget-optimizer-ahhxmmlzdnqkqsabbhmxfpulbwgx/Build/Intermediates.noindex/CodeScanner.build/Debug-iphonesimulator/CodeScanner.build/DerivedSources/arm64 -Xcc -I/Users/yevgenylevin/Library/Developer/Xcode/DerivedData/Grocery-budget-optimizer-ahhxmmlzdnqkqsabbhmxfpulbwgx/Build/Intermediates.noindex/CodeScanner.build/Debug-iphonesimulator/CodeScanner.build/DerivedSources -Xcc -DSWIFT_PACKAGE -Xcc -DDEBUG\=1 -emit-objc-header -emit-objc-header-path /Users/yevgenylevin/Library/Developer/Xcode/DerivedData/Grocery-budget-optimizer-ahhxmmlzdnqkqsabbhmxfpulbwgx/Build/Intermediates.noindex/CodeScanner.build/Debug-iphonesimulator/CodeScanner.build/Objects-normal/arm64/CodeScanner-Swift.h -working-directory /Users/yevgenylevin/Documents/Develop/iOS/Grocery-budget-optimizer/Grocery-budget-optimizer.xcodeproj -experimental-emit-module-separately -disable-cmo

note: Disabling hardened runtime with ad-hoc codesigning. (in target 'Grocery-budget-optimizer' from project 'Grocery-budget-optimizer')
** BUILD FAILED **


The following build commands failed:
	SwiftDriver Grocery-budget-optimizer normal arm64 com.apple.xcode.tools.swift.compiler (in target 'Grocery-budget-optimizer' from project 'Grocery-budget-optimizer')
	Building project Grocery-budget-optimizer with scheme Grocery-budget-optimizer
(2 failures)
